<?xml version="1.0" encoding="UTF-8"?>
<robot generator="Robot 6.0.2 (Python 3.10.11 on darwin)" generated="20230613 09:59:57.351" rpa="false" schemaversion="3">
<suite id="s1" name="e2e Main" source="/Users/tminhgnhia/Documents/others/gochatbackend/e2e_Main.robot">
<test id="s1-t1" name="TC_001_Register" line="10">
<kw name="Create Session" library="RequestsLibrary">
<arg>Backend_API</arg>
<arg>${Base_URL}</arg>
<doc>Create Session: create a HTTP session to a server</doc>
<msg timestamp="20230613 09:59:57.701" level="INFO">Creating Session using : alias=Backend_API, url=http://localhost:9010, headers={},                     cookies={}, auth=None, timeout=None, proxies=None, verify=False,                     debug=0 </msg>
<status status="PASS" starttime="20230613 09:59:57.701" endtime="20230613 09:59:57.702"/>
</kw>
<kw name="Generate Random UUID">
<var>${uuid}</var>
<kw name="Evaluate" library="BuiltIn">
<var>${uuid}</var>
<arg>str(uuid.uuid4())</arg>
<arg>modules=uuid</arg>
<doc>Evaluates the given expression in Python and returns the result.</doc>
<msg timestamp="20230613 09:59:57.703" level="INFO">${uuid} = c107e021-d495-46f8-bb82-18caff708935</msg>
<status status="PASS" starttime="20230613 09:59:57.702" endtime="20230613 09:59:57.703"/>
</kw>
<msg timestamp="20230613 09:59:57.703" level="INFO">${uuid} = c107e021-d495-46f8-bb82-18caff708935</msg>
<status status="PASS" starttime="20230613 09:59:57.702" endtime="20230613 09:59:57.703"/>
</kw>
<kw name="Set Variable" library="BuiltIn">
<var>${username}</var>
<arg>username+${uuid}</arg>
<doc>Returns the given values which can then be assigned to a variables.</doc>
<msg timestamp="20230613 09:59:57.703" level="INFO">${username} = username+c107e021-d495-46f8-bb82-18caff708935</msg>
<status status="PASS" starttime="20230613 09:59:57.703" endtime="20230613 09:59:57.703"/>
</kw>
<kw name="Set Variable" library="BuiltIn">
<var>${name}</var>
<arg>name+${uuid}</arg>
<doc>Returns the given values which can then be assigned to a variables.</doc>
<msg timestamp="20230613 09:59:57.704" level="INFO">${name} = name+c107e021-d495-46f8-bb82-18caff708935</msg>
<status status="PASS" starttime="20230613 09:59:57.703" endtime="20230613 09:59:57.704"/>
</kw>
<kw name="Post Register">
<var>${response}</var>
<arg>${username}</arg>
<arg>1234</arg>
<arg>${name}</arg>
<kw name="POST On Session" library="RequestsLibrary">
<var>${response}</var>
<arg>Backend_API</arg>
<arg>/register</arg>
<arg>data={"name":"${name}", "username": "${username}", "password": "${password}"}</arg>
<doc>Sends a POST request on a previously created HTTP Session.</doc>
<msg timestamp="20230613 09:59:58.599" level="INFO">POST Request : url=http://localhost:9010/register 
 path_url=/register 
 headers={'User-Agent': 'python-requests/2.31.0', 'Accept-Encoding': 'gzip, deflate', 'Accept': '*/*', 'Connection': 'keep-alive', 'Content-Length': '133'} 
 body={"name":"name+c107e021-d495-46f8-bb82-18caff708935", "username": "username+c107e021-d495-46f8-bb82-18caff708935", "password": "1234"} 
 </msg>
<msg timestamp="20230613 09:59:58.599" level="INFO">POST Response : url=http://localhost:9010/register 
 status=200, reason=OK 
 headers={'Access-Control-Allow-Credentials': 'true', 'Access-Control-Allow-Headers': 'Content-Type, Content-Length, Accept-Encoding, X-CSRF-Token, Authorization, accept, origin, Cache-Control, X-Requested-With', 'Access-Control-Allow-Methods': 'POST, OPTIONS, GET, PUT, DELETE, POST', 'Access-Control-Allow-Origin': '*', 'Content-Type': 'application/json; charset=utf-8', 'Date': 'Tue, 13 Jun 2023 02:59:58 GMT', 'Content-Length': '16'} 
 body={"message":"ok"} 
 </msg>
<msg timestamp="20230613 09:59:58.599" level="INFO">${response} = &lt;Response [200]&gt;</msg>
<status status="PASS" starttime="20230613 09:59:57.704" endtime="20230613 09:59:58.599"/>
</kw>
<msg timestamp="20230613 09:59:58.599" level="INFO">${response} = &lt;Response [200]&gt;</msg>
<status status="PASS" starttime="20230613 09:59:57.704" endtime="20230613 09:59:58.599"/>
</kw>
<kw name="Should Be Equal As Strings" library="BuiltIn">
<arg>${response.status_code}</arg>
<arg>200</arg>
<doc>Fails if objects are unequal after converting them to strings.</doc>
<msg timestamp="20230613 09:59:58.600" level="INFO">Argument types are:
&lt;class 'int'&gt;
&lt;class 'str'&gt;</msg>
<status status="PASS" starttime="20230613 09:59:58.599" endtime="20230613 09:59:58.600"/>
</kw>
<kw name="Connect to MongoDB" library="MongoDBLibrary">
<arg>test</arg>
<msg timestamp="20230613 09:59:58.603" level="INFO">Connected to MongoDB: Database(MongoClient(host=['localhost:27017'], document_class=dict, tz_aware=False, connect=True), 'host'):Database(MongoClient(host=['localhost:27017'], document_class=dict, tz_aware=False, connect=True), 'port') - Database: test</msg>
<msg timestamp="20230613 09:59:58.603" level="INFO">success to connect mongo db</msg>
<status status="PASS" starttime="20230613 09:59:58.600" endtime="20230613 09:59:58.603"/>
</kw>
<kw name="Create Dictionary" library="BuiltIn">
<var>${query}</var>
<arg>username=${Username}</arg>
<doc>Creates and returns a dictionary based on the given ``items``.</doc>
<msg timestamp="20230613 09:59:58.604" level="INFO">${query} = {'username': 'username+c107e021-d495-46f8-bb82-18caff708935'}</msg>
<status status="PASS" starttime="20230613 09:59:58.603" endtime="20230613 09:59:58.604"/>
</kw>
<kw name="Execute MongoDB Query" library="MongoDBLibrary">
<var>${databaseuser}</var>
<arg>users</arg>
<arg>${query}</arg>
<msg timestamp="20230613 09:59:58.612" level="INFO">Result: [{'_id': ObjectId('6487dbae5023ca476c503466'), 'createdAt': datetime.datetime(2023, 6, 13, 2, 59, 58, 595000), 'updatedAt': datetime.datetime(1, 1, 1, 0, 0), 'deletedAt': datetime.datetime(1, 1, 1, 0, 0), 'name': 'name+c107e021-d495-46f8-bb82-18caff708935', 'username': 'username+c107e021-d495-46f8-bb82-18caff708935', 'age': 0, 'password': '$2a$14$lbtwhu2zE1SZrfW.IxfRXucP3tLIY.9Odv8q90eNlrMz2B2w/8oma'}]</msg>
<msg timestamp="20230613 09:59:58.612" level="INFO">${databaseuser} = [{'_id': ObjectId('6487dbae5023ca476c503466'), 'createdAt': datetime.datetime(2023, 6, 13, 2, 59, 58, 595000), 'updatedAt': datetime.datetime(1, 1, 1, 0, 0), 'deletedAt': datetime.datetime(1, 1, 1, 0,...</msg>
<status status="PASS" starttime="20230613 09:59:58.604" endtime="20230613 09:59:58.612"/>
</kw>
<kw name="Should Be Equal As Strings" library="BuiltIn">
<arg>${databaseuser[0]}[username]</arg>
<arg>${username}</arg>
<doc>Fails if objects are unequal after converting them to strings.</doc>
<status status="PASS" starttime="20230613 09:59:58.612" endtime="20230613 09:59:58.613"/>
</kw>
<kw name="Should Be Equal As Strings" library="BuiltIn">
<arg>${databaseuser[0]}[name]</arg>
<arg>${name}</arg>
<doc>Fails if objects are unequal after converting them to strings.</doc>
<status status="PASS" starttime="20230613 09:59:58.613" endtime="20230613 09:59:58.614"/>
</kw>
<doc>Test Register success</doc>
<status status="PASS" starttime="20230613 09:59:57.701" endtime="20230613 09:59:58.615"/>
</test>
<test id="s1-t2" name="TC_002_Login" line="25">
<kw name="Create Session" library="RequestsLibrary">
<arg>Backend_API</arg>
<arg>${Base_URL}</arg>
<doc>Create Session: create a HTTP session to a server</doc>
<msg timestamp="20230613 09:59:58.617" level="INFO">Creating Session using : alias=Backend_API, url=http://localhost:9010, headers={},                     cookies={}, auth=None, timeout=None, proxies=None, verify=False,                     debug=0 </msg>
<status status="PASS" starttime="20230613 09:59:58.617" endtime="20230613 09:59:58.617"/>
</kw>
<kw name="Generate Random UUID">
<var>${uuid}</var>
<kw name="Evaluate" library="BuiltIn">
<var>${uuid}</var>
<arg>str(uuid.uuid4())</arg>
<arg>modules=uuid</arg>
<doc>Evaluates the given expression in Python and returns the result.</doc>
<msg timestamp="20230613 09:59:58.619" level="INFO">${uuid} = 9f855bbd-545e-42fa-9c4c-9e57fe716687</msg>
<status status="PASS" starttime="20230613 09:59:58.618" endtime="20230613 09:59:58.619"/>
</kw>
<msg timestamp="20230613 09:59:58.619" level="INFO">${uuid} = 9f855bbd-545e-42fa-9c4c-9e57fe716687</msg>
<status status="PASS" starttime="20230613 09:59:58.618" endtime="20230613 09:59:58.619"/>
</kw>
<kw name="Set Variable" library="BuiltIn">
<var>${username}</var>
<arg>username+${uuid}</arg>
<doc>Returns the given values which can then be assigned to a variables.</doc>
<msg timestamp="20230613 09:59:58.620" level="INFO">${username} = username+9f855bbd-545e-42fa-9c4c-9e57fe716687</msg>
<status status="PASS" starttime="20230613 09:59:58.619" endtime="20230613 09:59:58.620"/>
</kw>
<kw name="Set Variable" library="BuiltIn">
<var>${name}</var>
<arg>name+${uuid}</arg>
<doc>Returns the given values which can then be assigned to a variables.</doc>
<msg timestamp="20230613 09:59:58.621" level="INFO">${name} = name+9f855bbd-545e-42fa-9c4c-9e57fe716687</msg>
<status status="PASS" starttime="20230613 09:59:58.620" endtime="20230613 09:59:58.621"/>
</kw>
<kw name="Post Register">
<var>${response}</var>
<arg>${Username}</arg>
<arg>1234</arg>
<arg>${name}</arg>
<kw name="POST On Session" library="RequestsLibrary">
<var>${response}</var>
<arg>Backend_API</arg>
<arg>/register</arg>
<arg>data={"name":"${name}", "username": "${username}", "password": "${password}"}</arg>
<doc>Sends a POST request on a previously created HTTP Session.</doc>
<msg timestamp="20230613 09:59:59.513" level="INFO">POST Request : url=http://localhost:9010/register 
 path_url=/register 
 headers={'User-Agent': 'python-requests/2.31.0', 'Accept-Encoding': 'gzip, deflate', 'Accept': '*/*', 'Connection': 'keep-alive', 'Content-Length': '133'} 
 body={"name":"name+9f855bbd-545e-42fa-9c4c-9e57fe716687", "username": "username+9f855bbd-545e-42fa-9c4c-9e57fe716687", "password": "1234"} 
 </msg>
<msg timestamp="20230613 09:59:59.513" level="INFO">POST Response : url=http://localhost:9010/register 
 status=200, reason=OK 
 headers={'Access-Control-Allow-Credentials': 'true', 'Access-Control-Allow-Headers': 'Content-Type, Content-Length, Accept-Encoding, X-CSRF-Token, Authorization, accept, origin, Cache-Control, X-Requested-With', 'Access-Control-Allow-Methods': 'POST, OPTIONS, GET, PUT, DELETE, POST', 'Access-Control-Allow-Origin': '*', 'Content-Type': 'application/json; charset=utf-8', 'Date': 'Tue, 13 Jun 2023 02:59:59 GMT', 'Content-Length': '16'} 
 body={"message":"ok"} 
 </msg>
<msg timestamp="20230613 09:59:59.513" level="INFO">${response} = &lt;Response [200]&gt;</msg>
<status status="PASS" starttime="20230613 09:59:58.622" endtime="20230613 09:59:59.513"/>
</kw>
<msg timestamp="20230613 09:59:59.513" level="INFO">${response} = &lt;Response [200]&gt;</msg>
<status status="PASS" starttime="20230613 09:59:58.621" endtime="20230613 09:59:59.513"/>
</kw>
<kw name="Should Be Equal As Strings" library="BuiltIn">
<arg>${response.status_code}</arg>
<arg>200</arg>
<doc>Fails if objects are unequal after converting them to strings.</doc>
<msg timestamp="20230613 09:59:59.514" level="INFO">Argument types are:
&lt;class 'int'&gt;
&lt;class 'str'&gt;</msg>
<status status="PASS" starttime="20230613 09:59:59.513" endtime="20230613 09:59:59.514"/>
</kw>
<kw name="Post Login">
<var>${response}</var>
<arg>${Username}</arg>
<arg>1234</arg>
<kw name="POST On Session" library="RequestsLibrary">
<var>${response}</var>
<arg>Backend_API</arg>
<arg>/login</arg>
<arg>data={"username": "${username}", "password": "${password}"}</arg>
<doc>Sends a POST request on a previously created HTTP Session.</doc>
<msg timestamp="20230613 10:00:00.384" level="INFO">POST Request : url=http://localhost:9010/login 
 path_url=/login 
 headers={'User-Agent': 'python-requests/2.31.0', 'Accept-Encoding': 'gzip, deflate', 'Accept': '*/*', 'Connection': 'keep-alive', 'Content-Length': '81'} 
 body={"username": "username+9f855bbd-545e-42fa-9c4c-9e57fe716687", "password": "1234"} 
 </msg>
<msg timestamp="20230613 10:00:00.384" level="INFO">POST Response : url=http://localhost:9010/login 
 status=200, reason=OK 
 headers={'Access-Control-Allow-Credentials': 'true', 'Access-Control-Allow-Headers': 'Content-Type, Content-Length, Accept-Encoding, X-CSRF-Token, Authorization, accept, origin, Cache-Control, X-Requested-With', 'Access-Control-Allow-Methods': 'POST, OPTIONS, GET, PUT, DELETE, POST', 'Access-Control-Allow-Origin': '*', 'Content-Type': 'application/json; charset=utf-8', 'Date': 'Tue, 13 Jun 2023 03:00:00 GMT', 'Content-Length': '282'} 
 body={"message":"eyJhbGciOiJIUzUxMiIsInR5cCI6IkpXVCJ9.eyJleHAiOjE2ODc0ODkyMDAsInN1YiI6InVzZXJuYW1lKzlmODU1YmJkLTU0NWUtNDJmYS05YzRjLTllNTdmZTcxNjY4NyIsInVzZXJJZCI6IjY0ODdkYmFmNTAyM2NhNDc2YzUwMzQ2NyJ9.0MP_mXD5f2aFVLN_RokcJBIliwHhjTjlJeH71YljhhwehvnNUbYqrlOD5jb8WNZ9tEQb7gC4fENDusxRgUSDtg"} 
 </msg>
<msg timestamp="20230613 10:00:00.384" level="INFO">${response} = &lt;Response [200]&gt;</msg>
<status status="PASS" starttime="20230613 09:59:59.514" endtime="20230613 10:00:00.384"/>
</kw>
<msg timestamp="20230613 10:00:00.384" level="INFO">${response} = &lt;Response [200]&gt;</msg>
<status status="PASS" starttime="20230613 09:59:59.514" endtime="20230613 10:00:00.384"/>
</kw>
<kw name="Should Be Equal As Strings" library="BuiltIn">
<arg>${response.status_code}</arg>
<arg>200</arg>
<doc>Fails if objects are unequal after converting them to strings.</doc>
<msg timestamp="20230613 10:00:00.385" level="INFO">Argument types are:
&lt;class 'int'&gt;
&lt;class 'str'&gt;</msg>
<status status="PASS" starttime="20230613 10:00:00.384" endtime="20230613 10:00:00.385"/>
</kw>
<doc>Test Login success</doc>
<status status="PASS" starttime="20230613 09:59:58.616" endtime="20230613 10:00:00.385"/>
</test>
<test id="s1-t3" name="TC_003_GetIdentity" line="36">
<kw name="Create Session" library="RequestsLibrary">
<arg>Backend_API</arg>
<arg>${Base_URL}</arg>
<doc>Create Session: create a HTTP session to a server</doc>
<msg timestamp="20230613 10:00:00.386" level="INFO">Creating Session using : alias=Backend_API, url=http://localhost:9010, headers={},                     cookies={}, auth=None, timeout=None, proxies=None, verify=False,                     debug=0 </msg>
<status status="PASS" starttime="20230613 10:00:00.386" endtime="20230613 10:00:00.386"/>
</kw>
<kw name="Generate Random UUID">
<var>${uuid}</var>
<kw name="Evaluate" library="BuiltIn">
<var>${uuid}</var>
<arg>str(uuid.uuid4())</arg>
<arg>modules=uuid</arg>
<doc>Evaluates the given expression in Python and returns the result.</doc>
<msg timestamp="20230613 10:00:00.387" level="INFO">${uuid} = 66062d74-2e72-449c-be03-11994cc85947</msg>
<status status="PASS" starttime="20230613 10:00:00.386" endtime="20230613 10:00:00.387"/>
</kw>
<msg timestamp="20230613 10:00:00.387" level="INFO">${uuid} = 66062d74-2e72-449c-be03-11994cc85947</msg>
<status status="PASS" starttime="20230613 10:00:00.386" endtime="20230613 10:00:00.387"/>
</kw>
<kw name="Set Variable" library="BuiltIn">
<var>${username}</var>
<arg>username+${uuid}</arg>
<doc>Returns the given values which can then be assigned to a variables.</doc>
<msg timestamp="20230613 10:00:00.387" level="INFO">${username} = username+66062d74-2e72-449c-be03-11994cc85947</msg>
<status status="PASS" starttime="20230613 10:00:00.387" endtime="20230613 10:00:00.387"/>
</kw>
<kw name="Set Variable" library="BuiltIn">
<var>${name}</var>
<arg>name+${uuid}</arg>
<doc>Returns the given values which can then be assigned to a variables.</doc>
<msg timestamp="20230613 10:00:00.387" level="INFO">${name} = name+66062d74-2e72-449c-be03-11994cc85947</msg>
<status status="PASS" starttime="20230613 10:00:00.387" endtime="20230613 10:00:00.387"/>
</kw>
<kw name="Post Register">
<var>${response}</var>
<arg>${username}</arg>
<arg>1234</arg>
<arg>${name}</arg>
<kw name="POST On Session" library="RequestsLibrary">
<var>${response}</var>
<arg>Backend_API</arg>
<arg>/register</arg>
<arg>data={"name":"${name}", "username": "${username}", "password": "${password}"}</arg>
<doc>Sends a POST request on a previously created HTTP Session.</doc>
<msg timestamp="20230613 10:00:01.250" level="INFO">POST Request : url=http://localhost:9010/register 
 path_url=/register 
 headers={'User-Agent': 'python-requests/2.31.0', 'Accept-Encoding': 'gzip, deflate', 'Accept': '*/*', 'Connection': 'keep-alive', 'Content-Length': '133'} 
 body={"name":"name+66062d74-2e72-449c-be03-11994cc85947", "username": "username+66062d74-2e72-449c-be03-11994cc85947", "password": "1234"} 
 </msg>
<msg timestamp="20230613 10:00:01.250" level="INFO">POST Response : url=http://localhost:9010/register 
 status=200, reason=OK 
 headers={'Access-Control-Allow-Credentials': 'true', 'Access-Control-Allow-Headers': 'Content-Type, Content-Length, Accept-Encoding, X-CSRF-Token, Authorization, accept, origin, Cache-Control, X-Requested-With', 'Access-Control-Allow-Methods': 'POST, OPTIONS, GET, PUT, DELETE, POST', 'Access-Control-Allow-Origin': '*', 'Content-Type': 'application/json; charset=utf-8', 'Date': 'Tue, 13 Jun 2023 03:00:01 GMT', 'Content-Length': '16'} 
 body={"message":"ok"} 
 </msg>
<msg timestamp="20230613 10:00:01.250" level="INFO">${response} = &lt;Response [200]&gt;</msg>
<status status="PASS" starttime="20230613 10:00:00.388" endtime="20230613 10:00:01.250"/>
</kw>
<msg timestamp="20230613 10:00:01.251" level="INFO">${response} = &lt;Response [200]&gt;</msg>
<status status="PASS" starttime="20230613 10:00:00.388" endtime="20230613 10:00:01.251"/>
</kw>
<kw name="Should Be Equal As Strings" library="BuiltIn">
<arg>${response.status_code}</arg>
<arg>200</arg>
<doc>Fails if objects are unequal after converting them to strings.</doc>
<msg timestamp="20230613 10:00:01.251" level="INFO">Argument types are:
&lt;class 'int'&gt;
&lt;class 'str'&gt;</msg>
<status status="PASS" starttime="20230613 10:00:01.251" endtime="20230613 10:00:01.251"/>
</kw>
<kw name="Post Login">
<var>${response}</var>
<arg>${Username}</arg>
<arg>1234</arg>
<kw name="POST On Session" library="RequestsLibrary">
<var>${response}</var>
<arg>Backend_API</arg>
<arg>/login</arg>
<arg>data={"username": "${username}", "password": "${password}"}</arg>
<doc>Sends a POST request on a previously created HTTP Session.</doc>
<msg timestamp="20230613 10:00:02.127" level="INFO">POST Request : url=http://localhost:9010/login 
 path_url=/login 
 headers={'User-Agent': 'python-requests/2.31.0', 'Accept-Encoding': 'gzip, deflate', 'Accept': '*/*', 'Connection': 'keep-alive', 'Content-Length': '81'} 
 body={"username": "username+66062d74-2e72-449c-be03-11994cc85947", "password": "1234"} 
 </msg>
<msg timestamp="20230613 10:00:02.127" level="INFO">POST Response : url=http://localhost:9010/login 
 status=200, reason=OK 
 headers={'Access-Control-Allow-Credentials': 'true', 'Access-Control-Allow-Headers': 'Content-Type, Content-Length, Accept-Encoding, X-CSRF-Token, Authorization, accept, origin, Cache-Control, X-Requested-With', 'Access-Control-Allow-Methods': 'POST, OPTIONS, GET, PUT, DELETE, POST', 'Access-Control-Allow-Origin': '*', 'Content-Type': 'application/json; charset=utf-8', 'Date': 'Tue, 13 Jun 2023 03:00:02 GMT', 'Content-Length': '282'} 
 body={"message":"eyJhbGciOiJIUzUxMiIsInR5cCI6IkpXVCJ9.eyJleHAiOjE2ODc0ODkyMDIsInN1YiI6InVzZXJuYW1lKzY2MDYyZDc0LTJlNzItNDQ5Yy1iZTAzLTExOTk0Y2M4NTk0NyIsInVzZXJJZCI6IjY0ODdkYmIxNTAyM2NhNDc2YzUwMzQ2OCJ9.BzaeX7qN4ycb97G6GJSgU0CvWE4vDIWV9hYY2tqVt6fN6SuImvjYl-c2RoQGHjr70A83gNrxyJEP6wZJxNXkmQ"} 
 </msg>
<msg timestamp="20230613 10:00:02.127" level="INFO">${response} = &lt;Response [200]&gt;</msg>
<status status="PASS" starttime="20230613 10:00:01.252" endtime="20230613 10:00:02.127"/>
</kw>
<msg timestamp="20230613 10:00:02.127" level="INFO">${response} = &lt;Response [200]&gt;</msg>
<status status="PASS" starttime="20230613 10:00:01.251" endtime="20230613 10:00:02.127"/>
</kw>
<kw name="Should Be Equal As Strings" library="BuiltIn">
<arg>${response.status_code}</arg>
<arg>200</arg>
<doc>Fails if objects are unequal after converting them to strings.</doc>
<msg timestamp="20230613 10:00:02.128" level="INFO">Argument types are:
&lt;class 'int'&gt;
&lt;class 'str'&gt;</msg>
<status status="PASS" starttime="20230613 10:00:02.128" endtime="20230613 10:00:02.128"/>
</kw>
<kw name="Set Variable" library="BuiltIn">
<var>${token}</var>
<arg>${response.json()["message"]}</arg>
<doc>Returns the given values which can then be assigned to a variables.</doc>
<msg timestamp="20230613 10:00:02.129" level="INFO">${token} = eyJhbGciOiJIUzUxMiIsInR5cCI6IkpXVCJ9.eyJleHAiOjE2ODc0ODkyMDIsInN1YiI6InVzZXJuYW1lKzY2MDYyZDc0LTJlNzItNDQ5Yy1iZTAzLTExOTk0Y2M4NTk0NyIsInVzZXJJZCI6IjY0ODdkYmIxNTAyM2NhNDc2YzUwMzQ2OCJ9.BzaeX7qN4ycb97G6GJ...</msg>
<status status="PASS" starttime="20230613 10:00:02.128" endtime="20230613 10:00:02.129"/>
</kw>
<kw name="Get Identity">
<var>${response}</var>
<arg>${token}</arg>
<kw name="Create Dictionary" library="BuiltIn">
<var>${headers}</var>
<arg>Authorization=Bearer ${token}</arg>
<doc>Creates and returns a dictionary based on the given ``items``.</doc>
<msg timestamp="20230613 10:00:02.130" level="INFO">${headers} = {'Authorization': 'Bearer eyJhbGciOiJIUzUxMiIsInR5cCI6IkpXVCJ9.eyJleHAiOjE2ODc0ODkyMDIsInN1YiI6InVzZXJuYW1lKzY2MDYyZDc0LTJlNzItNDQ5Yy1iZTAzLTExOTk0Y2M4NTk0NyIsInVzZXJJZCI6IjY0ODdkYmIxNTAyM2NhNDc2YzUwM...</msg>
<status status="PASS" starttime="20230613 10:00:02.129" endtime="20230613 10:00:02.130"/>
</kw>
<kw name="GET On Session" library="RequestsLibrary">
<var>${response}</var>
<arg>Backend_API</arg>
<arg>/identity</arg>
<arg>headers=${headers}</arg>
<doc>Sends a GET request on a previously created HTTP Session.</doc>
<msg timestamp="20230613 10:00:02.135" level="INFO">GET Request : url=http://localhost:9010/identity 
 path_url=/identity 
 headers={'User-Agent': 'python-requests/2.31.0', 'Accept-Encoding': 'gzip, deflate', 'Accept': '*/*', 'Connection': 'keep-alive', 'Authorization': 'Bearer eyJhbGciOiJIUzUxMiIsInR5cCI6IkpXVCJ9.eyJleHAiOjE2ODc0ODkyMDIsInN1YiI6InVzZXJuYW1lKzY2MDYyZDc0LTJlNzItNDQ5Yy1iZTAzLTExOTk0Y2M4NTk0NyIsInVzZXJJZCI6IjY0ODdkYmIxNTAyM2NhNDc2YzUwMzQ2OCJ9.BzaeX7qN4ycb97G6GJSgU0CvWE4vDIWV9hYY2tqVt6fN6SuImvjYl-c2RoQGHjr70A83gNrxyJEP6wZJxNXkmQ'} 
 body=None 
 </msg>
<msg timestamp="20230613 10:00:02.135" level="INFO">GET Response : url=http://localhost:9010/identity 
 status=200, reason=OK 
 headers={'Access-Control-Allow-Credentials': 'true', 'Access-Control-Allow-Headers': 'Content-Type, Content-Length, Accept-Encoding, X-CSRF-Token, Authorization, accept, origin, Cache-Control, X-Requested-With', 'Access-Control-Allow-Methods': 'POST, OPTIONS, GET, PUT, DELETE, POST', 'Access-Control-Allow-Origin': '*', 'Content-Type': 'application/json; charset=utf-8', 'Date': 'Tue, 13 Jun 2023 03:00:02 GMT', 'Content-Length': '334'} 
 body={"id":"6487dbb15023ca476c503468","createdAt":"2023-06-13T03:00:01.254Z","updatedAt":"0001-01-01T00:00:00Z","deletedAt":"0001-01-01T00:00:00Z","name":"name+66062d74-2e72-449c-be03-11994cc85947","username":"username+66062d74-2e72-449c-be03-11994cc85947","age":0,"password":"$2a$14$Tvgl.KFlqzvV1lGlOuN74e/xPk2Gmn56KxZPLz0VfxhmPTJhFjY0W"} 
 </msg>
<msg timestamp="20230613 10:00:02.135" level="INFO">${response} = &lt;Response [200]&gt;</msg>
<status status="PASS" starttime="20230613 10:00:02.130" endtime="20230613 10:00:02.135"/>
</kw>
<msg timestamp="20230613 10:00:02.135" level="INFO">${response} = &lt;Response [200]&gt;</msg>
<status status="PASS" starttime="20230613 10:00:02.129" endtime="20230613 10:00:02.135"/>
</kw>
<kw name="Should Be Equal As Strings" library="BuiltIn">
<arg>${response.status_code}</arg>
<arg>200</arg>
<doc>Fails if objects are unequal after converting them to strings.</doc>
<msg timestamp="20230613 10:00:02.136" level="INFO">Argument types are:
&lt;class 'int'&gt;
&lt;class 'str'&gt;</msg>
<status status="PASS" starttime="20230613 10:00:02.136" endtime="20230613 10:00:02.136"/>
</kw>
<kw name="Connect to MongoDB" library="MongoDBLibrary">
<arg>test</arg>
<msg timestamp="20230613 10:00:02.137" level="INFO">Connected to MongoDB: Database(MongoClient(host=['localhost:27017'], document_class=dict, tz_aware=False, connect=True), 'host'):Database(MongoClient(host=['localhost:27017'], document_class=dict, tz_aware=False, connect=True), 'port') - Database: test</msg>
<msg timestamp="20230613 10:00:02.137" level="INFO">success to connect mongo db</msg>
<status status="PASS" starttime="20230613 10:00:02.136" endtime="20230613 10:00:02.138"/>
</kw>
<kw name="Create Dictionary" library="BuiltIn">
<var>${query}</var>
<arg>username=${Username}</arg>
<doc>Creates and returns a dictionary based on the given ``items``.</doc>
<msg timestamp="20230613 10:00:02.138" level="INFO">${query} = {'username': 'username+66062d74-2e72-449c-be03-11994cc85947'}</msg>
<status status="PASS" starttime="20230613 10:00:02.138" endtime="20230613 10:00:02.138"/>
</kw>
<kw name="Execute MongoDB Query" library="MongoDBLibrary">
<var>${databaseuser}</var>
<arg>users</arg>
<arg>${query}</arg>
<msg timestamp="20230613 10:00:02.145" level="INFO">Result: [{'_id': ObjectId('6487dbb15023ca476c503468'), 'createdAt': datetime.datetime(2023, 6, 13, 3, 0, 1, 254000), 'updatedAt': datetime.datetime(1, 1, 1, 0, 0), 'deletedAt': datetime.datetime(1, 1, 1, 0, 0), 'name': 'name+66062d74-2e72-449c-be03-11994cc85947', 'username': 'username+66062d74-2e72-449c-be03-11994cc85947', 'age': 0, 'password': '$2a$14$Tvgl.KFlqzvV1lGlOuN74e/xPk2Gmn56KxZPLz0VfxhmPTJhFjY0W'}]</msg>
<msg timestamp="20230613 10:00:02.145" level="INFO">${databaseuser} = [{'_id': ObjectId('6487dbb15023ca476c503468'), 'createdAt': datetime.datetime(2023, 6, 13, 3, 0, 1, 254000), 'updatedAt': datetime.datetime(1, 1, 1, 0, 0), 'deletedAt': datetime.datetime(1, 1, 1, 0, 0...</msg>
<status status="PASS" starttime="20230613 10:00:02.138" endtime="20230613 10:00:02.146"/>
</kw>
<kw name="Should Be Equal As Strings" library="BuiltIn">
<arg>${databaseuser[0]}[username]</arg>
<arg>${response.json()}[username]</arg>
<doc>Fails if objects are unequal after converting them to strings.</doc>
<status status="PASS" starttime="20230613 10:00:02.146" endtime="20230613 10:00:02.147"/>
</kw>
<kw name="Should Be Equal As Strings" library="BuiltIn">
<arg>${databaseuser[0]}[name]</arg>
<arg>${response.json()}[name]</arg>
<doc>Fails if objects are unequal after converting them to strings.</doc>
<status status="PASS" starttime="20230613 10:00:02.147" endtime="20230613 10:00:02.148"/>
</kw>
<kw name="Should Be Equal As Strings" library="BuiltIn">
<arg>${databaseuser[0]}[_id]</arg>
<arg>${response.json()}[id]</arg>
<doc>Fails if objects are unequal after converting them to strings.</doc>
<msg timestamp="20230613 10:00:02.149" level="INFO">Argument types are:
&lt;class 'bson.objectid.ObjectId'&gt;
&lt;class 'str'&gt;</msg>
<status status="PASS" starttime="20230613 10:00:02.148" endtime="20230613 10:00:02.149"/>
</kw>
<doc>Test get identity success</doc>
<status status="PASS" starttime="20230613 10:00:00.385" endtime="20230613 10:00:02.149"/>
</test>
<test id="s1-t4" name="TC_004_GetUserList" line="56">
<kw name="Create Session" library="RequestsLibrary">
<arg>Backend_API</arg>
<arg>${Base_URL}</arg>
<doc>Create Session: create a HTTP session to a server</doc>
<msg timestamp="20230613 10:00:02.150" level="INFO">Creating Session using : alias=Backend_API, url=http://localhost:9010, headers={},                     cookies={}, auth=None, timeout=None, proxies=None, verify=False,                     debug=0 </msg>
<status status="PASS" starttime="20230613 10:00:02.150" endtime="20230613 10:00:02.150"/>
</kw>
<kw name="Generate Random UUID">
<var>${uuid}</var>
<kw name="Evaluate" library="BuiltIn">
<var>${uuid}</var>
<arg>str(uuid.uuid4())</arg>
<arg>modules=uuid</arg>
<doc>Evaluates the given expression in Python and returns the result.</doc>
<msg timestamp="20230613 10:00:02.151" level="INFO">${uuid} = 727deb29-adae-46f7-ac38-e01ccf60a9f5</msg>
<status status="PASS" starttime="20230613 10:00:02.151" endtime="20230613 10:00:02.151"/>
</kw>
<msg timestamp="20230613 10:00:02.151" level="INFO">${uuid} = 727deb29-adae-46f7-ac38-e01ccf60a9f5</msg>
<status status="PASS" starttime="20230613 10:00:02.150" endtime="20230613 10:00:02.151"/>
</kw>
<kw name="Set Variable" library="BuiltIn">
<var>${username}</var>
<arg>username+${uuid}</arg>
<doc>Returns the given values which can then be assigned to a variables.</doc>
<msg timestamp="20230613 10:00:02.152" level="INFO">${username} = username+727deb29-adae-46f7-ac38-e01ccf60a9f5</msg>
<status status="PASS" starttime="20230613 10:00:02.151" endtime="20230613 10:00:02.152"/>
</kw>
<kw name="Set Variable" library="BuiltIn">
<var>${name}</var>
<arg>name+${uuid}</arg>
<doc>Returns the given values which can then be assigned to a variables.</doc>
<msg timestamp="20230613 10:00:02.152" level="INFO">${name} = name+727deb29-adae-46f7-ac38-e01ccf60a9f5</msg>
<status status="PASS" starttime="20230613 10:00:02.152" endtime="20230613 10:00:02.152"/>
</kw>
<kw name="Post Register">
<var>${response}</var>
<arg>${username}</arg>
<arg>1234</arg>
<arg>${name}</arg>
<kw name="POST On Session" library="RequestsLibrary">
<var>${response}</var>
<arg>Backend_API</arg>
<arg>/register</arg>
<arg>data={"name":"${name}", "username": "${username}", "password": "${password}"}</arg>
<doc>Sends a POST request on a previously created HTTP Session.</doc>
<msg timestamp="20230613 10:00:03.027" level="INFO">POST Request : url=http://localhost:9010/register 
 path_url=/register 
 headers={'User-Agent': 'python-requests/2.31.0', 'Accept-Encoding': 'gzip, deflate', 'Accept': '*/*', 'Connection': 'keep-alive', 'Content-Length': '133'} 
 body={"name":"name+727deb29-adae-46f7-ac38-e01ccf60a9f5", "username": "username+727deb29-adae-46f7-ac38-e01ccf60a9f5", "password": "1234"} 
 </msg>
<msg timestamp="20230613 10:00:03.027" level="INFO">POST Response : url=http://localhost:9010/register 
 status=200, reason=OK 
 headers={'Access-Control-Allow-Credentials': 'true', 'Access-Control-Allow-Headers': 'Content-Type, Content-Length, Accept-Encoding, X-CSRF-Token, Authorization, accept, origin, Cache-Control, X-Requested-With', 'Access-Control-Allow-Methods': 'POST, OPTIONS, GET, PUT, DELETE, POST', 'Access-Control-Allow-Origin': '*', 'Content-Type': 'application/json; charset=utf-8', 'Date': 'Tue, 13 Jun 2023 03:00:03 GMT', 'Content-Length': '16'} 
 body={"message":"ok"} 
 </msg>
<msg timestamp="20230613 10:00:03.027" level="INFO">${response} = &lt;Response [200]&gt;</msg>
<status status="PASS" starttime="20230613 10:00:02.152" endtime="20230613 10:00:03.027"/>
</kw>
<msg timestamp="20230613 10:00:03.027" level="INFO">${response} = &lt;Response [200]&gt;</msg>
<status status="PASS" starttime="20230613 10:00:02.152" endtime="20230613 10:00:03.027"/>
</kw>
<kw name="Should Be Equal As Strings" library="BuiltIn">
<arg>${response.status_code}</arg>
<arg>200</arg>
<doc>Fails if objects are unequal after converting them to strings.</doc>
<msg timestamp="20230613 10:00:03.028" level="INFO">Argument types are:
&lt;class 'int'&gt;
&lt;class 'str'&gt;</msg>
<status status="PASS" starttime="20230613 10:00:03.027" endtime="20230613 10:00:03.028"/>
</kw>
<kw name="Post Login">
<var>${response}</var>
<arg>${Username}</arg>
<arg>1234</arg>
<kw name="POST On Session" library="RequestsLibrary">
<var>${response}</var>
<arg>Backend_API</arg>
<arg>/login</arg>
<arg>data={"username": "${username}", "password": "${password}"}</arg>
<doc>Sends a POST request on a previously created HTTP Session.</doc>
<msg timestamp="20230613 10:00:03.899" level="INFO">POST Request : url=http://localhost:9010/login 
 path_url=/login 
 headers={'User-Agent': 'python-requests/2.31.0', 'Accept-Encoding': 'gzip, deflate', 'Accept': '*/*', 'Connection': 'keep-alive', 'Content-Length': '81'} 
 body={"username": "username+727deb29-adae-46f7-ac38-e01ccf60a9f5", "password": "1234"} 
 </msg>
<msg timestamp="20230613 10:00:03.899" level="INFO">POST Response : url=http://localhost:9010/login 
 status=200, reason=OK 
 headers={'Access-Control-Allow-Credentials': 'true', 'Access-Control-Allow-Headers': 'Content-Type, Content-Length, Accept-Encoding, X-CSRF-Token, Authorization, accept, origin, Cache-Control, X-Requested-With', 'Access-Control-Allow-Methods': 'POST, OPTIONS, GET, PUT, DELETE, POST', 'Access-Control-Allow-Origin': '*', 'Content-Type': 'application/json; charset=utf-8', 'Date': 'Tue, 13 Jun 2023 03:00:03 GMT', 'Content-Length': '282'} 
 body={"message":"eyJhbGciOiJIUzUxMiIsInR5cCI6IkpXVCJ9.eyJleHAiOjE2ODc0ODkyMDMsInN1YiI6InVzZXJuYW1lKzcyN2RlYjI5LWFkYWUtNDZmNy1hYzM4LWUwMWNjZjYwYTlmNSIsInVzZXJJZCI6IjY0ODdkYmIzNTAyM2NhNDc2YzUwMzQ2OSJ9.LLxnQYJQYDlGoqwmE24l4cftHkaP-0jROr9rcMe4eRVMzXqOmjYCAiWqi9Z-Lz83aISsllqKvYU0TvDXzyUU6Q"} 
 </msg>
<msg timestamp="20230613 10:00:03.899" level="INFO">${response} = &lt;Response [200]&gt;</msg>
<status status="PASS" starttime="20230613 10:00:03.028" endtime="20230613 10:00:03.900"/>
</kw>
<msg timestamp="20230613 10:00:03.900" level="INFO">${response} = &lt;Response [200]&gt;</msg>
<status status="PASS" starttime="20230613 10:00:03.028" endtime="20230613 10:00:03.900"/>
</kw>
<kw name="Should Be Equal As Strings" library="BuiltIn">
<arg>${response.status_code}</arg>
<arg>200</arg>
<doc>Fails if objects are unequal after converting them to strings.</doc>
<msg timestamp="20230613 10:00:03.900" level="INFO">Argument types are:
&lt;class 'int'&gt;
&lt;class 'str'&gt;</msg>
<status status="PASS" starttime="20230613 10:00:03.900" endtime="20230613 10:00:03.900"/>
</kw>
<kw name="Set Variable" library="BuiltIn">
<var>${token}</var>
<arg>${response.json()["message"]}</arg>
<doc>Returns the given values which can then be assigned to a variables.</doc>
<msg timestamp="20230613 10:00:03.901" level="INFO">${token} = eyJhbGciOiJIUzUxMiIsInR5cCI6IkpXVCJ9.eyJleHAiOjE2ODc0ODkyMDMsInN1YiI6InVzZXJuYW1lKzcyN2RlYjI5LWFkYWUtNDZmNy1hYzM4LWUwMWNjZjYwYTlmNSIsInVzZXJJZCI6IjY0ODdkYmIzNTAyM2NhNDc2YzUwMzQ2OSJ9.LLxnQYJQYDlGoqwmE2...</msg>
<status status="PASS" starttime="20230613 10:00:03.901" endtime="20230613 10:00:03.901"/>
</kw>
<kw name="Get User List">
<var>${response}</var>
<arg>${token}</arg>
<kw name="Create Dictionary" library="BuiltIn">
<var>${headers}</var>
<arg>Authorization=Bearer ${token}</arg>
<doc>Creates and returns a dictionary based on the given ``items``.</doc>
<msg timestamp="20230613 10:00:03.902" level="INFO">${headers} = {'Authorization': 'Bearer eyJhbGciOiJIUzUxMiIsInR5cCI6IkpXVCJ9.eyJleHAiOjE2ODc0ODkyMDMsInN1YiI6InVzZXJuYW1lKzcyN2RlYjI5LWFkYWUtNDZmNy1hYzM4LWUwMWNjZjYwYTlmNSIsInVzZXJJZCI6IjY0ODdkYmIzNTAyM2NhNDc2YzUwM...</msg>
<status status="PASS" starttime="20230613 10:00:03.902" endtime="20230613 10:00:03.902"/>
</kw>
<kw name="GET On Session" library="RequestsLibrary">
<var>${response}</var>
<arg>Backend_API</arg>
<arg>url=/users</arg>
<arg>headers=${headers}</arg>
<doc>Sends a GET request on a previously created HTTP Session.</doc>
<msg timestamp="20230613 10:00:03.912" level="INFO">GET Request : url=http://localhost:9010/users 
 path_url=/users 
 headers={'User-Agent': 'python-requests/2.31.0', 'Accept-Encoding': 'gzip, deflate', 'Accept': '*/*', 'Connection': 'keep-alive', 'Authorization': 'Bearer eyJhbGciOiJIUzUxMiIsInR5cCI6IkpXVCJ9.eyJleHAiOjE2ODc0ODkyMDMsInN1YiI6InVzZXJuYW1lKzcyN2RlYjI5LWFkYWUtNDZmNy1hYzM4LWUwMWNjZjYwYTlmNSIsInVzZXJJZCI6IjY0ODdkYmIzNTAyM2NhNDc2YzUwMzQ2OSJ9.LLxnQYJQYDlGoqwmE24l4cftHkaP-0jROr9rcMe4eRVMzXqOmjYCAiWqi9Z-Lz83aISsllqKvYU0TvDXzyUU6Q'} 
 body=None 
 </msg>
<msg timestamp="20230613 10:00:03.912" level="INFO">GET Response : url=http://localhost:9010/users 
 status=200, reason=OK 
 headers={'Access-Control-Allow-Credentials': 'true', 'Access-Control-Allow-Headers': 'Content-Type, Content-Length, Accept-Encoding, X-CSRF-Token, Authorization, accept, origin, Cache-Control, X-Requested-With', 'Access-Control-Allow-Methods': 'POST, OPTIONS, GET, PUT, DELETE, POST', 'Access-Control-Allow-Origin': '*', 'Content-Type': 'application/json; charset=utf-8', 'Date': 'Tue, 13 Jun 2023 03:00:03 GMT', 'Transfer-Encoding': 'chunked'} 
 body=[{"id":"6487dbb35023ca476c503469","createdAt":"2023-06-13T03:00:03.031Z","updatedAt":"0001-01-01T00:00:00Z","deletedAt":"0001-01-01T00:00:00Z","name":"name+727deb29-adae-46f7-ac38-e01ccf60a9f5","username":"username+727deb29-adae-46f7-ac38-e01ccf60a9f5","age":0,"password":"$2a$14$tDnvY.9W7PqOS51R0Iw6XOw6./6S/kjaXyljbcQ9ugzW1YS19GvEO"},{"id":"6487dbb15023ca476c503468","createdAt":"2023-06-13T03:00:01.254Z","updatedAt":"0001-01-01T00:00:00Z","deletedAt":"0001-01-01T00:00:00Z","name":"name+66062d74-2e72-449c-be03-11994cc85947","username":"username+66062d74-2e72-449c-be03-11994cc85947","age":0,"password":"$2a$14$Tvgl.KFlqzvV1lGlOuN74e/xPk2Gmn56KxZPLz0VfxhmPTJhFjY0W"},{"id":"6487dbaf5023ca476c503467","createdAt":"2023-06-13T02:59:59.515Z","updatedAt":"0001-01-01T00:00:00Z","deletedAt":"0001-01-01T00:00:00Z","name":"name+9f855bbd-545e-42fa-9c4c-9e57fe716687","username":"username+9f855bbd-545e-42fa-9c4c-9e57fe716687","age":0,"password":"$2a$14$qe81r86WB2Ac15hsOu1iEe4FMMANvjoqf6LxpeE74ieAoxyxB/mX2"},{"id":"6487dbae5023ca476c503466","createdAt":"2023-06-13T02:59:58.595Z","updatedAt":"0001-01-01T00:00:00Z","deletedAt":"0001-01-01T00:00:00Z","name":"name+c107e021-d495-46f8-bb82-18caff708935","username":"username+c107e021-d495-46f8-bb82-18caff708935","age":0,"password":"$2a$14$lbtwhu2zE1SZrfW.IxfRXucP3tLIY.9Odv8q90eNlrMz2B2w/8oma"},{"id":"6487d4447b62eeefa5a290c1","createdAt":"2023-06-13T02:28:20.266Z","updatedAt":"0001-01-01T00:00:00Z","deletedAt":"0001-01-01T00:00:00Z","name":"name+c5ab709c-e4cb-4a5d-ae76-929a4bb7bdbe","username":"username+c5ab709c-e4cb-4a5d-ae76-929a4bb7bdbe","age":0,"password":"$2a$14$tpmLdp7Gc0uiT8265wbDs.sgpbnwNoY3er3CdX4ffhKzn37cV9BYC"},{"id":"6487d4427b62eeefa5a290ae","createdAt":"2023-06-13T02:28:18.552Z","updatedAt":"0001-01-01T00:00:00Z","deletedAt":"0001-01-01T00:00:00Z","name":"name+b08ec3f4-6989-40c3-87df-ee1cc3e633b1","username":"username+b08ec3f4-6989-40c3-87df-ee1cc3e633b1","age":0,"password":"$2a$14$H4.TC5Bac9Ch5K2kSI3tSOPWSUYo3c/5P2a7yN/aRAPnhA1nf5xze"},{"id":"6487d4407b62eeefa5a290ad","createdAt":"2023-06-13T02:28:16.841Z","updatedAt":"0001-01-01T00:00:00Z","deletedAt":"0001-01-01T00:00:00Z","name":"name+2ea02b32-b041-4427-9ba8-cabbfd1b71cc","username":"username+2ea02b32-b041-4427-9ba8-cabbfd1b71cc","age":0,"password":"$2a$14$AO0xbuHTBBi7ALf0x1HhleB0AA.KHvtpiuArPZeN0CJM3Il9cNP3y"},{"id":"6487d43f7b62eeefa5a290ac","createdAt":"2023-06-13T02:28:15.154Z","updatedAt":"0001-01-01T00:00:00Z","deletedAt":"0001-01-01T00:00:00Z","name":"name+45ddd149-c677-4d18-8516-5548f616836a","username":"username+45ddd149-c677-4d18-8516-5548f616836a","age":0,"password":"$2a$14$ZXMiO0fofMcGq5Gzix/tcek31SayUSYoeORxEj7jTcESGQaeLhMFm"},{"id":"6487d43d7b62eeefa5a290ab","createdAt":"2023-06-13T02:28:13.479Z","updatedAt":"0001-01-01T00:00:00Z","deletedAt":"0001-01-01T00:00:00Z","name":"name+b3c8a471-ab93-423d-82f8-9599c3e4d216","username":"username+b3c8a471-ab93-423d-82f8-9599c3e4d216","age":0,"password":"$2a$14$hIOoo3NGlLYOfqYWr17QaOAcFGF3YpETlq3HRXFFAKbkUou45C74W"},{"id":"6487d43c7b62eeefa5a290aa","createdAt":"2023-06-13T02:28:12.604Z","updatedAt":"0001-01-01T00:00:00Z","deletedAt":"0001-01-01T00:00:00Z","name":"name+d05f8cd6-817f-48b8-acec-81c8d7329ae8","username":"username+d05f8cd6-817f-48b8-acec-81c8d7329ae8","age":0,"password":"$2a$14$JJwNeCWnrcN9zB3o6i0dWuBgiyctO/dm1r08sMzB/Rtf42CyxTdA6"},{"id":"6487d42a7b62eeefa5a2908f","createdAt":"2023-06-13T02:27:54.49Z","updatedAt":"0001-01-01T00:00:00Z","deletedAt":"0001-01-01T00:00:00Z","name":"name+a7cbfea0-04da-4c18-b5f9-f43bbcaee3cf","username":"username+a7cbfea0-04da-4c18-b5f9-f43bbcaee3cf","age":0,"password":"$2a$14$5pKgJBFHR6NknFY.i6HSweqWHNm4uPelLBRABe/ZB20t8mQ.yofUa"},{"id":"6487d4297b62eeefa5a2908e","createdAt":"2023-06-13T02:27:53.715Z","updatedAt":"0001-01-01T00:00:00Z","deletedAt":"0001-01-01T00:00:00Z","name":"name+3dfdfb12-7662-4e8a-893f-57f5b388cead","username":"username+3dfdfb12-7662-4e8a-893f-57f5b388cead","age":0,"password":"$2a$14$8mmMFr8XPYF/gbEBP.iA7OPMM5qmdTYaCNSQEFQjoApTahscfQm1S"},{"id":"6487d41a7b62eeefa5a2908d","createdAt":"2023-06-13T02:27:38.592Z","updatedAt":"0001-01-01T00:00:00Z","deletedAt":"0001-01-01T00:00:00Z","name":"name+ad1a6299-7f6c-4de4-a741-2e6ccf0eba4a","username":"username+ad1a6299-7f6c-4de4-a741-2e6ccf0eba4a","age":0,"password":"$2a$14$RXeAc5yVdEYRiHSzgNjfneyx22Xf4.fOiH3QH6rjtwQEc3c94/ElC"},{"id":"6487d4197b62eeefa5a2908c","createdAt":"2023-06-13T02:27:37.84Z","updatedAt":"0001-01-01T00:00:00Z","deletedAt":"0001-01-01T00:00:00Z","name":"name+97fdaedb-29a6-4d07-b34e-5b5246c63e50","username":"username+97fdaedb-29a6-4d07-b34e-5b5246c63e50","age":0,"password":"$2a$14$oweYw8.PsCXXm4giIiWA5.BPahvTmf.Zvxb9upcgLr7.k1a2CFkOS"},{"id":"6487d4117b62eeefa5a29077","createdAt":"2023-06-13T02:27:29.139Z","updatedAt":"0001-01-01T00:00:00Z","deletedAt":"0001-01-01T00:00:00Z","name":"name+dfa479f0-11ab-4913-859e-67435a00afea","username":"username+dfa479f0-11ab-4913-859e-67435a00afea","age":0,"password":"$2a$14$VEuBkANBC33Q.1YYpYQgy.wbOgUBLU4kLmVnmucpBbEwrXDhqObOK"},{"id":"6487d4107b62eeefa5a29076","createdAt":"2023-06-13T02:27:28.422Z","updatedAt":"0001-01-01T00:00:00Z","deletedAt":"0001-01-01T00:00:00Z","name":"name+0a63a156-ea15-47f4-a7bb-cdd64aeec603","username":"username+0a63a156-ea15-47f4-a7bb-cdd64aeec603","age":0,"password":"$2a$14$nJf/Khc15NaMzaQT9kV5iusvPq.eDru.clZd/Z7LVjBukuLi4Wy3y"},{"id":"6486cf6f7b62eeefa5a29067","createdAt":"2023-06-12T07:55:27.489Z","updatedAt":"0001-01-01T00:00:00Z","deletedAt":"0001-01-01T00:00:00Z","name":"name+883955a6-271f-4a1c-9d5a-e0b3e657cccc","username":"username+883955a6-271f-4a1c-9d5a-e0b3e657cccc","age":0,"password":"$2a$14$BDovyCI70z0CXPLa7rIzOOsfB4sdUQrNZP3OPGQrVZLHFeTj6lp/C"},{"id":"6486cf6e7b62eeefa5a29066","createdAt":"2023-06-12T07:55:26.864Z","updatedAt":"0001-01-01T00:00:00Z","deletedAt":"0001-01-01T00:00:00Z","name":"name+d16a8d4c-4921-49cf-890f-12eeb52cafd4","username":"username+d16a8d4c-4921-49cf-890f-12eeb52cafd4","age":0,"password":"$2a$14$gblwXeZKK7oH0H3wCF9V9O9rICVsNip00ERKcCvpcJatxbS8RVsxC"},{"id":"64869f747b62eeefa5a29065","createdAt":"2023-06-12T04:30:44.628Z","updatedAt":"0001-01-01T00:00:00Z","deletedAt":"0001-01-01T00:00:00Z","name":"name+745692bf-5144-42d9-80bc-42cc913642d9","username":"username+745692bf-5144-42d9-80bc-42cc913642d9","age":0,"password":"$2a$14$ieMKo6Oyrd.B1nfk3peQPu.M9PRPTkSnYSBW4gMNO9McZQ06i3lce"},{"id":"64869f737b62eeefa5a29064","createdAt":"2023-06-12T04:30:43.931Z","updatedAt":"0001-01-01T00:00:00Z","deletedAt":"0001-01-01T00:00:00Z","name":"name+402d859c-7311-44c0-8aab-0615fb87d9ff","username":"username+402d859c-7311-44c0-8aab-0615fb87d9ff","age":0,"password":"$2a$14$PYUemO.bz5SVDAn1Bx/OieYygKY73be0shKQ8fu1VSNx2/mN6/JjK"}] 
 </msg>
<msg timestamp="20230613 10:00:03.912" level="INFO">${response} = &lt;Response [200]&gt;</msg>
<status status="PASS" starttime="20230613 10:00:03.902" endtime="20230613 10:00:03.912"/>
</kw>
<msg timestamp="20230613 10:00:03.913" level="INFO">${response} = &lt;Response [200]&gt;</msg>
<status status="PASS" starttime="20230613 10:00:03.901" endtime="20230613 10:00:03.913"/>
</kw>
<kw name="Should Be Equal As Strings" library="BuiltIn">
<arg>${response.status_code}</arg>
<arg>200</arg>
<doc>Fails if objects are unequal after converting them to strings.</doc>
<msg timestamp="20230613 10:00:03.913" level="INFO">Argument types are:
&lt;class 'int'&gt;
&lt;class 'str'&gt;</msg>
<status status="PASS" starttime="20230613 10:00:03.913" endtime="20230613 10:00:03.913"/>
</kw>
<doc>Test get user list success</doc>
<status status="PASS" starttime="20230613 10:00:02.149" endtime="20230613 10:00:03.913"/>
</test>
<test id="s1-t5" name="TC_005_CreateConversation" line="70">
<kw name="Create Session" library="RequestsLibrary">
<arg>Backend_API</arg>
<arg>${Base_URL}</arg>
<doc>Create Session: create a HTTP session to a server</doc>
<msg timestamp="20230613 10:00:03.914" level="INFO">Creating Session using : alias=Backend_API, url=http://localhost:9010, headers={},                     cookies={}, auth=None, timeout=None, proxies=None, verify=False,                     debug=0 </msg>
<status status="PASS" starttime="20230613 10:00:03.914" endtime="20230613 10:00:03.914"/>
</kw>
<kw name="Generate Random UUID">
<var>${uuid}</var>
<kw name="Evaluate" library="BuiltIn">
<var>${uuid}</var>
<arg>str(uuid.uuid4())</arg>
<arg>modules=uuid</arg>
<doc>Evaluates the given expression in Python and returns the result.</doc>
<msg timestamp="20230613 10:00:03.915" level="INFO">${uuid} = c2d20309-308f-48d3-af4b-f7fd9664bef7</msg>
<status status="PASS" starttime="20230613 10:00:03.915" endtime="20230613 10:00:03.915"/>
</kw>
<msg timestamp="20230613 10:00:03.915" level="INFO">${uuid} = c2d20309-308f-48d3-af4b-f7fd9664bef7</msg>
<status status="PASS" starttime="20230613 10:00:03.914" endtime="20230613 10:00:03.915"/>
</kw>
<kw name="Set Variable" library="BuiltIn">
<var>${username}</var>
<arg>username+${uuid}</arg>
<doc>Returns the given values which can then be assigned to a variables.</doc>
<msg timestamp="20230613 10:00:03.915" level="INFO">${username} = username+c2d20309-308f-48d3-af4b-f7fd9664bef7</msg>
<status status="PASS" starttime="20230613 10:00:03.915" endtime="20230613 10:00:03.915"/>
</kw>
<kw name="Set Variable" library="BuiltIn">
<var>${name}</var>
<arg>name+${uuid}</arg>
<doc>Returns the given values which can then be assigned to a variables.</doc>
<msg timestamp="20230613 10:00:03.915" level="INFO">${name} = name+c2d20309-308f-48d3-af4b-f7fd9664bef7</msg>
<status status="PASS" starttime="20230613 10:00:03.915" endtime="20230613 10:00:03.916"/>
</kw>
<kw name="Post Register">
<var>${response}</var>
<arg>${username}</arg>
<arg>1234</arg>
<arg>${name}</arg>
<kw name="POST On Session" library="RequestsLibrary">
<var>${response}</var>
<arg>Backend_API</arg>
<arg>/register</arg>
<arg>data={"name":"${name}", "username": "${username}", "password": "${password}"}</arg>
<doc>Sends a POST request on a previously created HTTP Session.</doc>
<msg timestamp="20230613 10:00:04.782" level="INFO">POST Request : url=http://localhost:9010/register 
 path_url=/register 
 headers={'User-Agent': 'python-requests/2.31.0', 'Accept-Encoding': 'gzip, deflate', 'Accept': '*/*', 'Connection': 'keep-alive', 'Content-Length': '133'} 
 body={"name":"name+c2d20309-308f-48d3-af4b-f7fd9664bef7", "username": "username+c2d20309-308f-48d3-af4b-f7fd9664bef7", "password": "1234"} 
 </msg>
<msg timestamp="20230613 10:00:04.782" level="INFO">POST Response : url=http://localhost:9010/register 
 status=200, reason=OK 
 headers={'Access-Control-Allow-Credentials': 'true', 'Access-Control-Allow-Headers': 'Content-Type, Content-Length, Accept-Encoding, X-CSRF-Token, Authorization, accept, origin, Cache-Control, X-Requested-With', 'Access-Control-Allow-Methods': 'POST, OPTIONS, GET, PUT, DELETE, POST', 'Access-Control-Allow-Origin': '*', 'Content-Type': 'application/json; charset=utf-8', 'Date': 'Tue, 13 Jun 2023 03:00:04 GMT', 'Content-Length': '16'} 
 body={"message":"ok"} 
 </msg>
<msg timestamp="20230613 10:00:04.782" level="INFO">${response} = &lt;Response [200]&gt;</msg>
<status status="PASS" starttime="20230613 10:00:03.916" endtime="20230613 10:00:04.782"/>
</kw>
<msg timestamp="20230613 10:00:04.782" level="INFO">${response} = &lt;Response [200]&gt;</msg>
<status status="PASS" starttime="20230613 10:00:03.916" endtime="20230613 10:00:04.782"/>
</kw>
<kw name="Should Be Equal As Strings" library="BuiltIn">
<arg>${response.status_code}</arg>
<arg>200</arg>
<doc>Fails if objects are unequal after converting them to strings.</doc>
<msg timestamp="20230613 10:00:04.783" level="INFO">Argument types are:
&lt;class 'int'&gt;
&lt;class 'str'&gt;</msg>
<status status="PASS" starttime="20230613 10:00:04.782" endtime="20230613 10:00:04.783"/>
</kw>
<kw name="Post Login">
<var>${response}</var>
<arg>${Username}</arg>
<arg>1234</arg>
<kw name="POST On Session" library="RequestsLibrary">
<var>${response}</var>
<arg>Backend_API</arg>
<arg>/login</arg>
<arg>data={"username": "${username}", "password": "${password}"}</arg>
<doc>Sends a POST request on a previously created HTTP Session.</doc>
<msg timestamp="20230613 10:00:05.647" level="INFO">POST Request : url=http://localhost:9010/login 
 path_url=/login 
 headers={'User-Agent': 'python-requests/2.31.0', 'Accept-Encoding': 'gzip, deflate', 'Accept': '*/*', 'Connection': 'keep-alive', 'Content-Length': '81'} 
 body={"username": "username+c2d20309-308f-48d3-af4b-f7fd9664bef7", "password": "1234"} 
 </msg>
<msg timestamp="20230613 10:00:05.647" level="INFO">POST Response : url=http://localhost:9010/login 
 status=200, reason=OK 
 headers={'Access-Control-Allow-Credentials': 'true', 'Access-Control-Allow-Headers': 'Content-Type, Content-Length, Accept-Encoding, X-CSRF-Token, Authorization, accept, origin, Cache-Control, X-Requested-With', 'Access-Control-Allow-Methods': 'POST, OPTIONS, GET, PUT, DELETE, POST', 'Access-Control-Allow-Origin': '*', 'Content-Type': 'application/json; charset=utf-8', 'Date': 'Tue, 13 Jun 2023 03:00:05 GMT', 'Content-Length': '282'} 
 body={"message":"eyJhbGciOiJIUzUxMiIsInR5cCI6IkpXVCJ9.eyJleHAiOjE2ODc0ODkyMDUsInN1YiI6InVzZXJuYW1lK2MyZDIwMzA5LTMwOGYtNDhkMy1hZjRiLWY3ZmQ5NjY0YmVmNyIsInVzZXJJZCI6IjY0ODdkYmI0NTAyM2NhNDc2YzUwMzQ2YSJ9.q3fI2YNurTjefGlpILSw-aLGYUYu-JTp9xsbZn7fxDrlHU7btOPa3xfJjX1nmOzwXh8yjvhwfkPSUySsmrr2Rw"} 
 </msg>
<msg timestamp="20230613 10:00:05.647" level="INFO">${response} = &lt;Response [200]&gt;</msg>
<status status="PASS" starttime="20230613 10:00:04.783" endtime="20230613 10:00:05.647"/>
</kw>
<msg timestamp="20230613 10:00:05.647" level="INFO">${response} = &lt;Response [200]&gt;</msg>
<status status="PASS" starttime="20230613 10:00:04.783" endtime="20230613 10:00:05.647"/>
</kw>
<kw name="Should Be Equal As Strings" library="BuiltIn">
<arg>${response.status_code}</arg>
<arg>200</arg>
<doc>Fails if objects are unequal after converting them to strings.</doc>
<msg timestamp="20230613 10:00:05.648" level="INFO">Argument types are:
&lt;class 'int'&gt;
&lt;class 'str'&gt;</msg>
<status status="PASS" starttime="20230613 10:00:05.647" endtime="20230613 10:00:05.648"/>
</kw>
<kw name="Set Variable" library="BuiltIn">
<var>${token}</var>
<arg>${response.json()["message"]}</arg>
<doc>Returns the given values which can then be assigned to a variables.</doc>
<msg timestamp="20230613 10:00:05.649" level="INFO">${token} = eyJhbGciOiJIUzUxMiIsInR5cCI6IkpXVCJ9.eyJleHAiOjE2ODc0ODkyMDUsInN1YiI6InVzZXJuYW1lK2MyZDIwMzA5LTMwOGYtNDhkMy1hZjRiLWY3ZmQ5NjY0YmVmNyIsInVzZXJJZCI6IjY0ODdkYmI0NTAyM2NhNDc2YzUwMzQ2YSJ9.q3fI2YNurTjefGlpIL...</msg>
<status status="PASS" starttime="20230613 10:00:05.648" endtime="20230613 10:00:05.649"/>
</kw>
<kw name="Get User List">
<var>${response}</var>
<arg>${token}</arg>
<kw name="Create Dictionary" library="BuiltIn">
<var>${headers}</var>
<arg>Authorization=Bearer ${token}</arg>
<doc>Creates and returns a dictionary based on the given ``items``.</doc>
<msg timestamp="20230613 10:00:05.649" level="INFO">${headers} = {'Authorization': 'Bearer eyJhbGciOiJIUzUxMiIsInR5cCI6IkpXVCJ9.eyJleHAiOjE2ODc0ODkyMDUsInN1YiI6InVzZXJuYW1lK2MyZDIwMzA5LTMwOGYtNDhkMy1hZjRiLWY3ZmQ5NjY0YmVmNyIsInVzZXJJZCI6IjY0ODdkYmI0NTAyM2NhNDc2YzUwM...</msg>
<status status="PASS" starttime="20230613 10:00:05.649" endtime="20230613 10:00:05.649"/>
</kw>
<kw name="GET On Session" library="RequestsLibrary">
<var>${response}</var>
<arg>Backend_API</arg>
<arg>url=/users</arg>
<arg>headers=${headers}</arg>
<doc>Sends a GET request on a previously created HTTP Session.</doc>
<msg timestamp="20230613 10:00:05.654" level="INFO">GET Request : url=http://localhost:9010/users 
 path_url=/users 
 headers={'User-Agent': 'python-requests/2.31.0', 'Accept-Encoding': 'gzip, deflate', 'Accept': '*/*', 'Connection': 'keep-alive', 'Authorization': 'Bearer eyJhbGciOiJIUzUxMiIsInR5cCI6IkpXVCJ9.eyJleHAiOjE2ODc0ODkyMDUsInN1YiI6InVzZXJuYW1lK2MyZDIwMzA5LTMwOGYtNDhkMy1hZjRiLWY3ZmQ5NjY0YmVmNyIsInVzZXJJZCI6IjY0ODdkYmI0NTAyM2NhNDc2YzUwMzQ2YSJ9.q3fI2YNurTjefGlpILSw-aLGYUYu-JTp9xsbZn7fxDrlHU7btOPa3xfJjX1nmOzwXh8yjvhwfkPSUySsmrr2Rw'} 
 body=None 
 </msg>
<msg timestamp="20230613 10:00:05.654" level="INFO">GET Response : url=http://localhost:9010/users 
 status=200, reason=OK 
 headers={'Access-Control-Allow-Credentials': 'true', 'Access-Control-Allow-Headers': 'Content-Type, Content-Length, Accept-Encoding, X-CSRF-Token, Authorization, accept, origin, Cache-Control, X-Requested-With', 'Access-Control-Allow-Methods': 'POST, OPTIONS, GET, PUT, DELETE, POST', 'Access-Control-Allow-Origin': '*', 'Content-Type': 'application/json; charset=utf-8', 'Date': 'Tue, 13 Jun 2023 03:00:05 GMT', 'Transfer-Encoding': 'chunked'} 
 body=[{"id":"6487dbb45023ca476c50346a","createdAt":"2023-06-13T03:00:04.788Z","updatedAt":"0001-01-01T00:00:00Z","deletedAt":"0001-01-01T00:00:00Z","name":"name+c2d20309-308f-48d3-af4b-f7fd9664bef7","username":"username+c2d20309-308f-48d3-af4b-f7fd9664bef7","age":0,"password":"$2a$14$xwVzilUnyA0tw6qYCOyWA.Ddz9Qntn61s1cP/2.s1jAmpk7q78FXO"},{"id":"6487dbb35023ca476c503469","createdAt":"2023-06-13T03:00:03.031Z","updatedAt":"0001-01-01T00:00:00Z","deletedAt":"0001-01-01T00:00:00Z","name":"name+727deb29-adae-46f7-ac38-e01ccf60a9f5","username":"username+727deb29-adae-46f7-ac38-e01ccf60a9f5","age":0,"password":"$2a$14$tDnvY.9W7PqOS51R0Iw6XOw6./6S/kjaXyljbcQ9ugzW1YS19GvEO"},{"id":"6487dbb15023ca476c503468","createdAt":"2023-06-13T03:00:01.254Z","updatedAt":"0001-01-01T00:00:00Z","deletedAt":"0001-01-01T00:00:00Z","name":"name+66062d74-2e72-449c-be03-11994cc85947","username":"username+66062d74-2e72-449c-be03-11994cc85947","age":0,"password":"$2a$14$Tvgl.KFlqzvV1lGlOuN74e/xPk2Gmn56KxZPLz0VfxhmPTJhFjY0W"},{"id":"6487dbaf5023ca476c503467","createdAt":"2023-06-13T02:59:59.515Z","updatedAt":"0001-01-01T00:00:00Z","deletedAt":"0001-01-01T00:00:00Z","name":"name+9f855bbd-545e-42fa-9c4c-9e57fe716687","username":"username+9f855bbd-545e-42fa-9c4c-9e57fe716687","age":0,"password":"$2a$14$qe81r86WB2Ac15hsOu1iEe4FMMANvjoqf6LxpeE74ieAoxyxB/mX2"},{"id":"6487dbae5023ca476c503466","createdAt":"2023-06-13T02:59:58.595Z","updatedAt":"0001-01-01T00:00:00Z","deletedAt":"0001-01-01T00:00:00Z","name":"name+c107e021-d495-46f8-bb82-18caff708935","username":"username+c107e021-d495-46f8-bb82-18caff708935","age":0,"password":"$2a$14$lbtwhu2zE1SZrfW.IxfRXucP3tLIY.9Odv8q90eNlrMz2B2w/8oma"},{"id":"6487d4447b62eeefa5a290c1","createdAt":"2023-06-13T02:28:20.266Z","updatedAt":"0001-01-01T00:00:00Z","deletedAt":"0001-01-01T00:00:00Z","name":"name+c5ab709c-e4cb-4a5d-ae76-929a4bb7bdbe","username":"username+c5ab709c-e4cb-4a5d-ae76-929a4bb7bdbe","age":0,"password":"$2a$14$tpmLdp7Gc0uiT8265wbDs.sgpbnwNoY3er3CdX4ffhKzn37cV9BYC"},{"id":"6487d4427b62eeefa5a290ae","createdAt":"2023-06-13T02:28:18.552Z","updatedAt":"0001-01-01T00:00:00Z","deletedAt":"0001-01-01T00:00:00Z","name":"name+b08ec3f4-6989-40c3-87df-ee1cc3e633b1","username":"username+b08ec3f4-6989-40c3-87df-ee1cc3e633b1","age":0,"password":"$2a$14$H4.TC5Bac9Ch5K2kSI3tSOPWSUYo3c/5P2a7yN/aRAPnhA1nf5xze"},{"id":"6487d4407b62eeefa5a290ad","createdAt":"2023-06-13T02:28:16.841Z","updatedAt":"0001-01-01T00:00:00Z","deletedAt":"0001-01-01T00:00:00Z","name":"name+2ea02b32-b041-4427-9ba8-cabbfd1b71cc","username":"username+2ea02b32-b041-4427-9ba8-cabbfd1b71cc","age":0,"password":"$2a$14$AO0xbuHTBBi7ALf0x1HhleB0AA.KHvtpiuArPZeN0CJM3Il9cNP3y"},{"id":"6487d43f7b62eeefa5a290ac","createdAt":"2023-06-13T02:28:15.154Z","updatedAt":"0001-01-01T00:00:00Z","deletedAt":"0001-01-01T00:00:00Z","name":"name+45ddd149-c677-4d18-8516-5548f616836a","username":"username+45ddd149-c677-4d18-8516-5548f616836a","age":0,"password":"$2a$14$ZXMiO0fofMcGq5Gzix/tcek31SayUSYoeORxEj7jTcESGQaeLhMFm"},{"id":"6487d43d7b62eeefa5a290ab","createdAt":"2023-06-13T02:28:13.479Z","updatedAt":"0001-01-01T00:00:00Z","deletedAt":"0001-01-01T00:00:00Z","name":"name+b3c8a471-ab93-423d-82f8-9599c3e4d216","username":"username+b3c8a471-ab93-423d-82f8-9599c3e4d216","age":0,"password":"$2a$14$hIOoo3NGlLYOfqYWr17QaOAcFGF3YpETlq3HRXFFAKbkUou45C74W"},{"id":"6487d43c7b62eeefa5a290aa","createdAt":"2023-06-13T02:28:12.604Z","updatedAt":"0001-01-01T00:00:00Z","deletedAt":"0001-01-01T00:00:00Z","name":"name+d05f8cd6-817f-48b8-acec-81c8d7329ae8","username":"username+d05f8cd6-817f-48b8-acec-81c8d7329ae8","age":0,"password":"$2a$14$JJwNeCWnrcN9zB3o6i0dWuBgiyctO/dm1r08sMzB/Rtf42CyxTdA6"},{"id":"6487d42a7b62eeefa5a2908f","createdAt":"2023-06-13T02:27:54.49Z","updatedAt":"0001-01-01T00:00:00Z","deletedAt":"0001-01-01T00:00:00Z","name":"name+a7cbfea0-04da-4c18-b5f9-f43bbcaee3cf","username":"username+a7cbfea0-04da-4c18-b5f9-f43bbcaee3cf","age":0,"password":"$2a$14$5pKgJBFHR6NknFY.i6HSweqWHNm4uPelLBRABe/ZB20t8mQ.yofUa"},{"id":"6487d4297b62eeefa5a2908e","createdAt":"2023-06-13T02:27:53.715Z","updatedAt":"0001-01-01T00:00:00Z","deletedAt":"0001-01-01T00:00:00Z","name":"name+3dfdfb12-7662-4e8a-893f-57f5b388cead","username":"username+3dfdfb12-7662-4e8a-893f-57f5b388cead","age":0,"password":"$2a$14$8mmMFr8XPYF/gbEBP.iA7OPMM5qmdTYaCNSQEFQjoApTahscfQm1S"},{"id":"6487d41a7b62eeefa5a2908d","createdAt":"2023-06-13T02:27:38.592Z","updatedAt":"0001-01-01T00:00:00Z","deletedAt":"0001-01-01T00:00:00Z","name":"name+ad1a6299-7f6c-4de4-a741-2e6ccf0eba4a","username":"username+ad1a6299-7f6c-4de4-a741-2e6ccf0eba4a","age":0,"password":"$2a$14$RXeAc5yVdEYRiHSzgNjfneyx22Xf4.fOiH3QH6rjtwQEc3c94/ElC"},{"id":"6487d4197b62eeefa5a2908c","createdAt":"2023-06-13T02:27:37.84Z","updatedAt":"0001-01-01T00:00:00Z","deletedAt":"0001-01-01T00:00:00Z","name":"name+97fdaedb-29a6-4d07-b34e-5b5246c63e50","username":"username+97fdaedb-29a6-4d07-b34e-5b5246c63e50","age":0,"password":"$2a$14$oweYw8.PsCXXm4giIiWA5.BPahvTmf.Zvxb9upcgLr7.k1a2CFkOS"},{"id":"6487d4117b62eeefa5a29077","createdAt":"2023-06-13T02:27:29.139Z","updatedAt":"0001-01-01T00:00:00Z","deletedAt":"0001-01-01T00:00:00Z","name":"name+dfa479f0-11ab-4913-859e-67435a00afea","username":"username+dfa479f0-11ab-4913-859e-67435a00afea","age":0,"password":"$2a$14$VEuBkANBC33Q.1YYpYQgy.wbOgUBLU4kLmVnmucpBbEwrXDhqObOK"},{"id":"6487d4107b62eeefa5a29076","createdAt":"2023-06-13T02:27:28.422Z","updatedAt":"0001-01-01T00:00:00Z","deletedAt":"0001-01-01T00:00:00Z","name":"name+0a63a156-ea15-47f4-a7bb-cdd64aeec603","username":"username+0a63a156-ea15-47f4-a7bb-cdd64aeec603","age":0,"password":"$2a$14$nJf/Khc15NaMzaQT9kV5iusvPq.eDru.clZd/Z7LVjBukuLi4Wy3y"},{"id":"6486cf6f7b62eeefa5a29067","createdAt":"2023-06-12T07:55:27.489Z","updatedAt":"0001-01-01T00:00:00Z","deletedAt":"0001-01-01T00:00:00Z","name":"name+883955a6-271f-4a1c-9d5a-e0b3e657cccc","username":"username+883955a6-271f-4a1c-9d5a-e0b3e657cccc","age":0,"password":"$2a$14$BDovyCI70z0CXPLa7rIzOOsfB4sdUQrNZP3OPGQrVZLHFeTj6lp/C"},{"id":"6486cf6e7b62eeefa5a29066","createdAt":"2023-06-12T07:55:26.864Z","updatedAt":"0001-01-01T00:00:00Z","deletedAt":"0001-01-01T00:00:00Z","name":"name+d16a8d4c-4921-49cf-890f-12eeb52cafd4","username":"username+d16a8d4c-4921-49cf-890f-12eeb52cafd4","age":0,"password":"$2a$14$gblwXeZKK7oH0H3wCF9V9O9rICVsNip00ERKcCvpcJatxbS8RVsxC"},{"id":"64869f747b62eeefa5a29065","createdAt":"2023-06-12T04:30:44.628Z","updatedAt":"0001-01-01T00:00:00Z","deletedAt":"0001-01-01T00:00:00Z","name":"name+745692bf-5144-42d9-80bc-42cc913642d9","username":"username+745692bf-5144-42d9-80bc-42cc913642d9","age":0,"password":"$2a$14$ieMKo6Oyrd.B1nfk3peQPu.M9PRPTkSnYSBW4gMNO9McZQ06i3lce"}] 
 </msg>
<msg timestamp="20230613 10:00:05.655" level="INFO">${response} = &lt;Response [200]&gt;</msg>
<status status="PASS" starttime="20230613 10:00:05.649" endtime="20230613 10:00:05.655"/>
</kw>
<msg timestamp="20230613 10:00:05.655" level="INFO">${response} = &lt;Response [200]&gt;</msg>
<status status="PASS" starttime="20230613 10:00:05.649" endtime="20230613 10:00:05.655"/>
</kw>
<kw name="Should Be Equal As Strings" library="BuiltIn">
<arg>${response.status_code}</arg>
<arg>200</arg>
<doc>Fails if objects are unequal after converting them to strings.</doc>
<msg timestamp="20230613 10:00:05.655" level="INFO">Argument types are:
&lt;class 'int'&gt;
&lt;class 'str'&gt;</msg>
<status status="PASS" starttime="20230613 10:00:05.655" endtime="20230613 10:00:05.655"/>
</kw>
<kw name="Set Variable" library="BuiltIn">
<var>${user_list}</var>
<arg>${response.json()}</arg>
<doc>Returns the given values which can then be assigned to a variables.</doc>
<msg timestamp="20230613 10:00:05.656" level="INFO">${user_list} = [{'id': '6487dbb45023ca476c50346a', 'createdAt': '2023-06-13T03:00:04.788Z', 'updatedAt': '0001-01-01T00:00:00Z', 'deletedAt': '0001-01-01T00:00:00Z', 'name': 'name+c2d20309-308f-48d3-af4b-f7fd9664bef...</msg>
<status status="PASS" starttime="20230613 10:00:05.656" endtime="20230613 10:00:05.656"/>
</kw>
<kw name="Create List" library="BuiltIn">
<var>${user_ids}</var>
<doc>Returns a list containing given items.</doc>
<msg timestamp="20230613 10:00:05.656" level="INFO">${user_ids} = []</msg>
<status status="PASS" starttime="20230613 10:00:05.656" endtime="20230613 10:00:05.656"/>
</kw>
<for flavor="IN">
<var>${user}</var>
<value>@{user_list}</value>
<iter>
<var name="${user}">{'id': '6487dbb45023ca476c50346a', 'createdAt': '2023-06-13T03:00:04.788Z', 'updatedAt': '0001-01-01T00:00:00Z', 'deletedAt': '0001-01-01T00:00:00Z', 'name': 'name+c2d20309-308f-48d3-af4b-f7fd9664bef7...</var>
<kw name="Set Variable" library="BuiltIn">
<var>${user_id}</var>
<arg>${user['id']}</arg>
<doc>Returns the given values which can then be assigned to a variables.</doc>
<msg timestamp="20230613 10:00:05.657" level="INFO">${user_id} = 6487dbb45023ca476c50346a</msg>
<status status="PASS" starttime="20230613 10:00:05.657" endtime="20230613 10:00:05.657"/>
</kw>
<kw name="Append To List" library="Collections">
<arg>${user_ids}</arg>
<arg>${user_id}</arg>
<doc>Adds ``values`` to the end of ``list``.</doc>
<status status="PASS" starttime="20230613 10:00:05.657" endtime="20230613 10:00:05.658"/>
</kw>
<status status="PASS" starttime="20230613 10:00:05.657" endtime="20230613 10:00:05.658"/>
</iter>
<iter>
<var name="${user}">{'id': '6487dbb35023ca476c503469', 'createdAt': '2023-06-13T03:00:03.031Z', 'updatedAt': '0001-01-01T00:00:00Z', 'deletedAt': '0001-01-01T00:00:00Z', 'name': 'name+727deb29-adae-46f7-ac38-e01ccf60a9f5...</var>
<kw name="Set Variable" library="BuiltIn">
<var>${user_id}</var>
<arg>${user['id']}</arg>
<doc>Returns the given values which can then be assigned to a variables.</doc>
<msg timestamp="20230613 10:00:05.658" level="INFO">${user_id} = 6487dbb35023ca476c503469</msg>
<status status="PASS" starttime="20230613 10:00:05.658" endtime="20230613 10:00:05.658"/>
</kw>
<kw name="Append To List" library="Collections">
<arg>${user_ids}</arg>
<arg>${user_id}</arg>
<doc>Adds ``values`` to the end of ``list``.</doc>
<status status="PASS" starttime="20230613 10:00:05.658" endtime="20230613 10:00:05.659"/>
</kw>
<status status="PASS" starttime="20230613 10:00:05.658" endtime="20230613 10:00:05.659"/>
</iter>
<iter>
<var name="${user}">{'id': '6487dbb15023ca476c503468', 'createdAt': '2023-06-13T03:00:01.254Z', 'updatedAt': '0001-01-01T00:00:00Z', 'deletedAt': '0001-01-01T00:00:00Z', 'name': 'name+66062d74-2e72-449c-be03-11994cc85947...</var>
<kw name="Set Variable" library="BuiltIn">
<var>${user_id}</var>
<arg>${user['id']}</arg>
<doc>Returns the given values which can then be assigned to a variables.</doc>
<msg timestamp="20230613 10:00:05.659" level="INFO">${user_id} = 6487dbb15023ca476c503468</msg>
<status status="PASS" starttime="20230613 10:00:05.659" endtime="20230613 10:00:05.659"/>
</kw>
<kw name="Append To List" library="Collections">
<arg>${user_ids}</arg>
<arg>${user_id}</arg>
<doc>Adds ``values`` to the end of ``list``.</doc>
<status status="PASS" starttime="20230613 10:00:05.659" endtime="20230613 10:00:05.659"/>
</kw>
<status status="PASS" starttime="20230613 10:00:05.659" endtime="20230613 10:00:05.659"/>
</iter>
<iter>
<var name="${user}">{'id': '6487dbaf5023ca476c503467', 'createdAt': '2023-06-13T02:59:59.515Z', 'updatedAt': '0001-01-01T00:00:00Z', 'deletedAt': '0001-01-01T00:00:00Z', 'name': 'name+9f855bbd-545e-42fa-9c4c-9e57fe716687...</var>
<kw name="Set Variable" library="BuiltIn">
<var>${user_id}</var>
<arg>${user['id']}</arg>
<doc>Returns the given values which can then be assigned to a variables.</doc>
<msg timestamp="20230613 10:00:05.660" level="INFO">${user_id} = 6487dbaf5023ca476c503467</msg>
<status status="PASS" starttime="20230613 10:00:05.660" endtime="20230613 10:00:05.660"/>
</kw>
<kw name="Append To List" library="Collections">
<arg>${user_ids}</arg>
<arg>${user_id}</arg>
<doc>Adds ``values`` to the end of ``list``.</doc>
<status status="PASS" starttime="20230613 10:00:05.660" endtime="20230613 10:00:05.660"/>
</kw>
<status status="PASS" starttime="20230613 10:00:05.660" endtime="20230613 10:00:05.660"/>
</iter>
<iter>
<var name="${user}">{'id': '6487dbae5023ca476c503466', 'createdAt': '2023-06-13T02:59:58.595Z', 'updatedAt': '0001-01-01T00:00:00Z', 'deletedAt': '0001-01-01T00:00:00Z', 'name': 'name+c107e021-d495-46f8-bb82-18caff708935...</var>
<kw name="Set Variable" library="BuiltIn">
<var>${user_id}</var>
<arg>${user['id']}</arg>
<doc>Returns the given values which can then be assigned to a variables.</doc>
<msg timestamp="20230613 10:00:05.661" level="INFO">${user_id} = 6487dbae5023ca476c503466</msg>
<status status="PASS" starttime="20230613 10:00:05.661" endtime="20230613 10:00:05.661"/>
</kw>
<kw name="Append To List" library="Collections">
<arg>${user_ids}</arg>
<arg>${user_id}</arg>
<doc>Adds ``values`` to the end of ``list``.</doc>
<status status="PASS" starttime="20230613 10:00:05.661" endtime="20230613 10:00:05.661"/>
</kw>
<status status="PASS" starttime="20230613 10:00:05.660" endtime="20230613 10:00:05.661"/>
</iter>
<iter>
<var name="${user}">{'id': '6487d4447b62eeefa5a290c1', 'createdAt': '2023-06-13T02:28:20.266Z', 'updatedAt': '0001-01-01T00:00:00Z', 'deletedAt': '0001-01-01T00:00:00Z', 'name': 'name+c5ab709c-e4cb-4a5d-ae76-929a4bb7bdbe...</var>
<kw name="Set Variable" library="BuiltIn">
<var>${user_id}</var>
<arg>${user['id']}</arg>
<doc>Returns the given values which can then be assigned to a variables.</doc>
<msg timestamp="20230613 10:00:05.662" level="INFO">${user_id} = 6487d4447b62eeefa5a290c1</msg>
<status status="PASS" starttime="20230613 10:00:05.661" endtime="20230613 10:00:05.662"/>
</kw>
<kw name="Append To List" library="Collections">
<arg>${user_ids}</arg>
<arg>${user_id}</arg>
<doc>Adds ``values`` to the end of ``list``.</doc>
<status status="PASS" starttime="20230613 10:00:05.662" endtime="20230613 10:00:05.662"/>
</kw>
<status status="PASS" starttime="20230613 10:00:05.661" endtime="20230613 10:00:05.662"/>
</iter>
<iter>
<var name="${user}">{'id': '6487d4427b62eeefa5a290ae', 'createdAt': '2023-06-13T02:28:18.552Z', 'updatedAt': '0001-01-01T00:00:00Z', 'deletedAt': '0001-01-01T00:00:00Z', 'name': 'name+b08ec3f4-6989-40c3-87df-ee1cc3e633b1...</var>
<kw name="Set Variable" library="BuiltIn">
<var>${user_id}</var>
<arg>${user['id']}</arg>
<doc>Returns the given values which can then be assigned to a variables.</doc>
<msg timestamp="20230613 10:00:05.663" level="INFO">${user_id} = 6487d4427b62eeefa5a290ae</msg>
<status status="PASS" starttime="20230613 10:00:05.662" endtime="20230613 10:00:05.663"/>
</kw>
<kw name="Append To List" library="Collections">
<arg>${user_ids}</arg>
<arg>${user_id}</arg>
<doc>Adds ``values`` to the end of ``list``.</doc>
<status status="PASS" starttime="20230613 10:00:05.663" endtime="20230613 10:00:05.663"/>
</kw>
<status status="PASS" starttime="20230613 10:00:05.662" endtime="20230613 10:00:05.663"/>
</iter>
<iter>
<var name="${user}">{'id': '6487d4407b62eeefa5a290ad', 'createdAt': '2023-06-13T02:28:16.841Z', 'updatedAt': '0001-01-01T00:00:00Z', 'deletedAt': '0001-01-01T00:00:00Z', 'name': 'name+2ea02b32-b041-4427-9ba8-cabbfd1b71cc...</var>
<kw name="Set Variable" library="BuiltIn">
<var>${user_id}</var>
<arg>${user['id']}</arg>
<doc>Returns the given values which can then be assigned to a variables.</doc>
<msg timestamp="20230613 10:00:05.664" level="INFO">${user_id} = 6487d4407b62eeefa5a290ad</msg>
<status status="PASS" starttime="20230613 10:00:05.663" endtime="20230613 10:00:05.664"/>
</kw>
<kw name="Append To List" library="Collections">
<arg>${user_ids}</arg>
<arg>${user_id}</arg>
<doc>Adds ``values`` to the end of ``list``.</doc>
<status status="PASS" starttime="20230613 10:00:05.664" endtime="20230613 10:00:05.664"/>
</kw>
<status status="PASS" starttime="20230613 10:00:05.663" endtime="20230613 10:00:05.664"/>
</iter>
<iter>
<var name="${user}">{'id': '6487d43f7b62eeefa5a290ac', 'createdAt': '2023-06-13T02:28:15.154Z', 'updatedAt': '0001-01-01T00:00:00Z', 'deletedAt': '0001-01-01T00:00:00Z', 'name': 'name+45ddd149-c677-4d18-8516-5548f616836a...</var>
<kw name="Set Variable" library="BuiltIn">
<var>${user_id}</var>
<arg>${user['id']}</arg>
<doc>Returns the given values which can then be assigned to a variables.</doc>
<msg timestamp="20230613 10:00:05.665" level="INFO">${user_id} = 6487d43f7b62eeefa5a290ac</msg>
<status status="PASS" starttime="20230613 10:00:05.664" endtime="20230613 10:00:05.665"/>
</kw>
<kw name="Append To List" library="Collections">
<arg>${user_ids}</arg>
<arg>${user_id}</arg>
<doc>Adds ``values`` to the end of ``list``.</doc>
<status status="PASS" starttime="20230613 10:00:05.665" endtime="20230613 10:00:05.665"/>
</kw>
<status status="PASS" starttime="20230613 10:00:05.664" endtime="20230613 10:00:05.665"/>
</iter>
<iter>
<var name="${user}">{'id': '6487d43d7b62eeefa5a290ab', 'createdAt': '2023-06-13T02:28:13.479Z', 'updatedAt': '0001-01-01T00:00:00Z', 'deletedAt': '0001-01-01T00:00:00Z', 'name': 'name+b3c8a471-ab93-423d-82f8-9599c3e4d216...</var>
<kw name="Set Variable" library="BuiltIn">
<var>${user_id}</var>
<arg>${user['id']}</arg>
<doc>Returns the given values which can then be assigned to a variables.</doc>
<msg timestamp="20230613 10:00:05.665" level="INFO">${user_id} = 6487d43d7b62eeefa5a290ab</msg>
<status status="PASS" starttime="20230613 10:00:05.665" endtime="20230613 10:00:05.665"/>
</kw>
<kw name="Append To List" library="Collections">
<arg>${user_ids}</arg>
<arg>${user_id}</arg>
<doc>Adds ``values`` to the end of ``list``.</doc>
<status status="PASS" starttime="20230613 10:00:05.666" endtime="20230613 10:00:05.666"/>
</kw>
<status status="PASS" starttime="20230613 10:00:05.665" endtime="20230613 10:00:05.666"/>
</iter>
<iter>
<var name="${user}">{'id': '6487d43c7b62eeefa5a290aa', 'createdAt': '2023-06-13T02:28:12.604Z', 'updatedAt': '0001-01-01T00:00:00Z', 'deletedAt': '0001-01-01T00:00:00Z', 'name': 'name+d05f8cd6-817f-48b8-acec-81c8d7329ae8...</var>
<kw name="Set Variable" library="BuiltIn">
<var>${user_id}</var>
<arg>${user['id']}</arg>
<doc>Returns the given values which can then be assigned to a variables.</doc>
<msg timestamp="20230613 10:00:05.666" level="INFO">${user_id} = 6487d43c7b62eeefa5a290aa</msg>
<status status="PASS" starttime="20230613 10:00:05.666" endtime="20230613 10:00:05.666"/>
</kw>
<kw name="Append To List" library="Collections">
<arg>${user_ids}</arg>
<arg>${user_id}</arg>
<doc>Adds ``values`` to the end of ``list``.</doc>
<status status="PASS" starttime="20230613 10:00:05.666" endtime="20230613 10:00:05.667"/>
</kw>
<status status="PASS" starttime="20230613 10:00:05.666" endtime="20230613 10:00:05.667"/>
</iter>
<iter>
<var name="${user}">{'id': '6487d42a7b62eeefa5a2908f', 'createdAt': '2023-06-13T02:27:54.49Z', 'updatedAt': '0001-01-01T00:00:00Z', 'deletedAt': '0001-01-01T00:00:00Z', 'name': 'name+a7cbfea0-04da-4c18-b5f9-f43bbcaee3cf'...</var>
<kw name="Set Variable" library="BuiltIn">
<var>${user_id}</var>
<arg>${user['id']}</arg>
<doc>Returns the given values which can then be assigned to a variables.</doc>
<msg timestamp="20230613 10:00:05.667" level="INFO">${user_id} = 6487d42a7b62eeefa5a2908f</msg>
<status status="PASS" starttime="20230613 10:00:05.667" endtime="20230613 10:00:05.667"/>
</kw>
<kw name="Append To List" library="Collections">
<arg>${user_ids}</arg>
<arg>${user_id}</arg>
<doc>Adds ``values`` to the end of ``list``.</doc>
<status status="PASS" starttime="20230613 10:00:05.667" endtime="20230613 10:00:05.667"/>
</kw>
<status status="PASS" starttime="20230613 10:00:05.667" endtime="20230613 10:00:05.667"/>
</iter>
<iter>
<var name="${user}">{'id': '6487d4297b62eeefa5a2908e', 'createdAt': '2023-06-13T02:27:53.715Z', 'updatedAt': '0001-01-01T00:00:00Z', 'deletedAt': '0001-01-01T00:00:00Z', 'name': 'name+3dfdfb12-7662-4e8a-893f-57f5b388cead...</var>
<kw name="Set Variable" library="BuiltIn">
<var>${user_id}</var>
<arg>${user['id']}</arg>
<doc>Returns the given values which can then be assigned to a variables.</doc>
<msg timestamp="20230613 10:00:05.668" level="INFO">${user_id} = 6487d4297b62eeefa5a2908e</msg>
<status status="PASS" starttime="20230613 10:00:05.668" endtime="20230613 10:00:05.668"/>
</kw>
<kw name="Append To List" library="Collections">
<arg>${user_ids}</arg>
<arg>${user_id}</arg>
<doc>Adds ``values`` to the end of ``list``.</doc>
<status status="PASS" starttime="20230613 10:00:05.668" endtime="20230613 10:00:05.668"/>
</kw>
<status status="PASS" starttime="20230613 10:00:05.668" endtime="20230613 10:00:05.668"/>
</iter>
<iter>
<var name="${user}">{'id': '6487d41a7b62eeefa5a2908d', 'createdAt': '2023-06-13T02:27:38.592Z', 'updatedAt': '0001-01-01T00:00:00Z', 'deletedAt': '0001-01-01T00:00:00Z', 'name': 'name+ad1a6299-7f6c-4de4-a741-2e6ccf0eba4a...</var>
<kw name="Set Variable" library="BuiltIn">
<var>${user_id}</var>
<arg>${user['id']}</arg>
<doc>Returns the given values which can then be assigned to a variables.</doc>
<msg timestamp="20230613 10:00:05.669" level="INFO">${user_id} = 6487d41a7b62eeefa5a2908d</msg>
<status status="PASS" starttime="20230613 10:00:05.668" endtime="20230613 10:00:05.669"/>
</kw>
<kw name="Append To List" library="Collections">
<arg>${user_ids}</arg>
<arg>${user_id}</arg>
<doc>Adds ``values`` to the end of ``list``.</doc>
<status status="PASS" starttime="20230613 10:00:05.669" endtime="20230613 10:00:05.669"/>
</kw>
<status status="PASS" starttime="20230613 10:00:05.668" endtime="20230613 10:00:05.669"/>
</iter>
<iter>
<var name="${user}">{'id': '6487d4197b62eeefa5a2908c', 'createdAt': '2023-06-13T02:27:37.84Z', 'updatedAt': '0001-01-01T00:00:00Z', 'deletedAt': '0001-01-01T00:00:00Z', 'name': 'name+97fdaedb-29a6-4d07-b34e-5b5246c63e50'...</var>
<kw name="Set Variable" library="BuiltIn">
<var>${user_id}</var>
<arg>${user['id']}</arg>
<doc>Returns the given values which can then be assigned to a variables.</doc>
<msg timestamp="20230613 10:00:05.670" level="INFO">${user_id} = 6487d4197b62eeefa5a2908c</msg>
<status status="PASS" starttime="20230613 10:00:05.669" endtime="20230613 10:00:05.670"/>
</kw>
<kw name="Append To List" library="Collections">
<arg>${user_ids}</arg>
<arg>${user_id}</arg>
<doc>Adds ``values`` to the end of ``list``.</doc>
<status status="PASS" starttime="20230613 10:00:05.670" endtime="20230613 10:00:05.670"/>
</kw>
<status status="PASS" starttime="20230613 10:00:05.669" endtime="20230613 10:00:05.670"/>
</iter>
<iter>
<var name="${user}">{'id': '6487d4117b62eeefa5a29077', 'createdAt': '2023-06-13T02:27:29.139Z', 'updatedAt': '0001-01-01T00:00:00Z', 'deletedAt': '0001-01-01T00:00:00Z', 'name': 'name+dfa479f0-11ab-4913-859e-67435a00afea...</var>
<kw name="Set Variable" library="BuiltIn">
<var>${user_id}</var>
<arg>${user['id']}</arg>
<doc>Returns the given values which can then be assigned to a variables.</doc>
<msg timestamp="20230613 10:00:05.671" level="INFO">${user_id} = 6487d4117b62eeefa5a29077</msg>
<status status="PASS" starttime="20230613 10:00:05.670" endtime="20230613 10:00:05.671"/>
</kw>
<kw name="Append To List" library="Collections">
<arg>${user_ids}</arg>
<arg>${user_id}</arg>
<doc>Adds ``values`` to the end of ``list``.</doc>
<status status="PASS" starttime="20230613 10:00:05.671" endtime="20230613 10:00:05.671"/>
</kw>
<status status="PASS" starttime="20230613 10:00:05.670" endtime="20230613 10:00:05.671"/>
</iter>
<iter>
<var name="${user}">{'id': '6487d4107b62eeefa5a29076', 'createdAt': '2023-06-13T02:27:28.422Z', 'updatedAt': '0001-01-01T00:00:00Z', 'deletedAt': '0001-01-01T00:00:00Z', 'name': 'name+0a63a156-ea15-47f4-a7bb-cdd64aeec603...</var>
<kw name="Set Variable" library="BuiltIn">
<var>${user_id}</var>
<arg>${user['id']}</arg>
<doc>Returns the given values which can then be assigned to a variables.</doc>
<msg timestamp="20230613 10:00:05.672" level="INFO">${user_id} = 6487d4107b62eeefa5a29076</msg>
<status status="PASS" starttime="20230613 10:00:05.671" endtime="20230613 10:00:05.672"/>
</kw>
<kw name="Append To List" library="Collections">
<arg>${user_ids}</arg>
<arg>${user_id}</arg>
<doc>Adds ``values`` to the end of ``list``.</doc>
<status status="PASS" starttime="20230613 10:00:05.672" endtime="20230613 10:00:05.672"/>
</kw>
<status status="PASS" starttime="20230613 10:00:05.671" endtime="20230613 10:00:05.672"/>
</iter>
<iter>
<var name="${user}">{'id': '6486cf6f7b62eeefa5a29067', 'createdAt': '2023-06-12T07:55:27.489Z', 'updatedAt': '0001-01-01T00:00:00Z', 'deletedAt': '0001-01-01T00:00:00Z', 'name': 'name+883955a6-271f-4a1c-9d5a-e0b3e657cccc...</var>
<kw name="Set Variable" library="BuiltIn">
<var>${user_id}</var>
<arg>${user['id']}</arg>
<doc>Returns the given values which can then be assigned to a variables.</doc>
<msg timestamp="20230613 10:00:05.672" level="INFO">${user_id} = 6486cf6f7b62eeefa5a29067</msg>
<status status="PASS" starttime="20230613 10:00:05.672" endtime="20230613 10:00:05.672"/>
</kw>
<kw name="Append To List" library="Collections">
<arg>${user_ids}</arg>
<arg>${user_id}</arg>
<doc>Adds ``values`` to the end of ``list``.</doc>
<status status="PASS" starttime="20230613 10:00:05.672" endtime="20230613 10:00:05.673"/>
</kw>
<status status="PASS" starttime="20230613 10:00:05.672" endtime="20230613 10:00:05.673"/>
</iter>
<iter>
<var name="${user}">{'id': '6486cf6e7b62eeefa5a29066', 'createdAt': '2023-06-12T07:55:26.864Z', 'updatedAt': '0001-01-01T00:00:00Z', 'deletedAt': '0001-01-01T00:00:00Z', 'name': 'name+d16a8d4c-4921-49cf-890f-12eeb52cafd4...</var>
<kw name="Set Variable" library="BuiltIn">
<var>${user_id}</var>
<arg>${user['id']}</arg>
<doc>Returns the given values which can then be assigned to a variables.</doc>
<msg timestamp="20230613 10:00:05.674" level="INFO">${user_id} = 6486cf6e7b62eeefa5a29066</msg>
<status status="PASS" starttime="20230613 10:00:05.673" endtime="20230613 10:00:05.674"/>
</kw>
<kw name="Append To List" library="Collections">
<arg>${user_ids}</arg>
<arg>${user_id}</arg>
<doc>Adds ``values`` to the end of ``list``.</doc>
<status status="PASS" starttime="20230613 10:00:05.675" endtime="20230613 10:00:05.675"/>
</kw>
<status status="PASS" starttime="20230613 10:00:05.673" endtime="20230613 10:00:05.675"/>
</iter>
<iter>
<var name="${user}">{'id': '64869f747b62eeefa5a29065', 'createdAt': '2023-06-12T04:30:44.628Z', 'updatedAt': '0001-01-01T00:00:00Z', 'deletedAt': '0001-01-01T00:00:00Z', 'name': 'name+745692bf-5144-42d9-80bc-42cc913642d9...</var>
<kw name="Set Variable" library="BuiltIn">
<var>${user_id}</var>
<arg>${user['id']}</arg>
<doc>Returns the given values which can then be assigned to a variables.</doc>
<msg timestamp="20230613 10:00:05.675" level="INFO">${user_id} = 64869f747b62eeefa5a29065</msg>
<status status="PASS" starttime="20230613 10:00:05.675" endtime="20230613 10:00:05.675"/>
</kw>
<kw name="Append To List" library="Collections">
<arg>${user_ids}</arg>
<arg>${user_id}</arg>
<doc>Adds ``values`` to the end of ``list``.</doc>
<status status="PASS" starttime="20230613 10:00:05.676" endtime="20230613 10:00:05.676"/>
</kw>
<status status="PASS" starttime="20230613 10:00:05.675" endtime="20230613 10:00:05.676"/>
</iter>
<status status="PASS" starttime="20230613 10:00:05.656" endtime="20230613 10:00:05.676"/>
</for>
<kw name="Evaluate" library="BuiltIn">
<var>${user_ids}</var>
[...]
<kw name="Set Variable" library="BuiltIn">
<var>${user_id}</var>
<arg>${user['id']}</arg>
<doc>Returns the given values which can then be assigned to a variables.</doc>
<msg timestamp="20230613 10:00:07.465" level="INFO">${user_id} = 6487d43f7b62eeefa5a290ac</msg>
<status status="PASS" starttime="20230613 10:00:07.465" endtime="20230613 10:00:07.465"/>
</kw>
<kw name="Append To List" library="Collections">
<arg>${user_ids}</arg>
<arg>${user_id}</arg>
<doc>Adds ``values`` to the end of ``list``.</doc>
<status status="PASS" starttime="20230613 10:00:07.465" endtime="20230613 10:00:07.465"/>
</kw>
<status status="PASS" starttime="20230613 10:00:07.464" endtime="20230613 10:00:07.465"/>
</iter>
<iter>
<var name="${user}">{'id': '6487d43d7b62eeefa5a290ab', 'createdAt': '2023-06-13T02:28:13.479Z', 'updatedAt': '0001-01-01T00:00:00Z', 'deletedAt': '0001-01-01T00:00:00Z', 'name': 'name+b3c8a471-ab93-423d-82f8-9599c3e4d216...</var>
<kw name="Set Variable" library="BuiltIn">
<var>${user_id}</var>
<arg>${user['id']}</arg>
<doc>Returns the given values which can then be assigned to a variables.</doc>
<msg timestamp="20230613 10:00:07.466" level="INFO">${user_id} = 6487d43d7b62eeefa5a290ab</msg>
<status status="PASS" starttime="20230613 10:00:07.466" endtime="20230613 10:00:07.466"/>
</kw>
<kw name="Append To List" library="Collections">
<arg>${user_ids}</arg>
<arg>${user_id}</arg>
<doc>Adds ``values`` to the end of ``list``.</doc>
<status status="PASS" starttime="20230613 10:00:07.466" endtime="20230613 10:00:07.466"/>
</kw>
<status status="PASS" starttime="20230613 10:00:07.465" endtime="20230613 10:00:07.466"/>
</iter>
<iter>
<var name="${user}">{'id': '6487d43c7b62eeefa5a290aa', 'createdAt': '2023-06-13T02:28:12.604Z', 'updatedAt': '0001-01-01T00:00:00Z', 'deletedAt': '0001-01-01T00:00:00Z', 'name': 'name+d05f8cd6-817f-48b8-acec-81c8d7329ae8...</var>
<kw name="Set Variable" library="BuiltIn">
<var>${user_id}</var>
<arg>${user['id']}</arg>
<doc>Returns the given values which can then be assigned to a variables.</doc>
<msg timestamp="20230613 10:00:07.467" level="INFO">${user_id} = 6487d43c7b62eeefa5a290aa</msg>
<status status="PASS" starttime="20230613 10:00:07.466" endtime="20230613 10:00:07.467"/>
</kw>
<kw name="Append To List" library="Collections">
<arg>${user_ids}</arg>
<arg>${user_id}</arg>
<doc>Adds ``values`` to the end of ``list``.</doc>
<status status="PASS" starttime="20230613 10:00:07.467" endtime="20230613 10:00:07.467"/>
</kw>
<status status="PASS" starttime="20230613 10:00:07.466" endtime="20230613 10:00:07.467"/>
</iter>
<iter>
<var name="${user}">{'id': '6487d42a7b62eeefa5a2908f', 'createdAt': '2023-06-13T02:27:54.49Z', 'updatedAt': '0001-01-01T00:00:00Z', 'deletedAt': '0001-01-01T00:00:00Z', 'name': 'name+a7cbfea0-04da-4c18-b5f9-f43bbcaee3cf'...</var>
<kw name="Set Variable" library="BuiltIn">
<var>${user_id}</var>
<arg>${user['id']}</arg>
<doc>Returns the given values which can then be assigned to a variables.</doc>
<msg timestamp="20230613 10:00:07.468" level="INFO">${user_id} = 6487d42a7b62eeefa5a2908f</msg>
<status status="PASS" starttime="20230613 10:00:07.467" endtime="20230613 10:00:07.468"/>
</kw>
<kw name="Append To List" library="Collections">
<arg>${user_ids}</arg>
<arg>${user_id}</arg>
<doc>Adds ``values`` to the end of ``list``.</doc>
<status status="PASS" starttime="20230613 10:00:07.468" endtime="20230613 10:00:07.468"/>
</kw>
<status status="PASS" starttime="20230613 10:00:07.467" endtime="20230613 10:00:07.468"/>
</iter>
<iter>
<var name="${user}">{'id': '6487d4297b62eeefa5a2908e', 'createdAt': '2023-06-13T02:27:53.715Z', 'updatedAt': '0001-01-01T00:00:00Z', 'deletedAt': '0001-01-01T00:00:00Z', 'name': 'name+3dfdfb12-7662-4e8a-893f-57f5b388cead...</var>
<kw name="Set Variable" library="BuiltIn">
<var>${user_id}</var>
<arg>${user['id']}</arg>
<doc>Returns the given values which can then be assigned to a variables.</doc>
<msg timestamp="20230613 10:00:07.469" level="INFO">${user_id} = 6487d4297b62eeefa5a2908e</msg>
<status status="PASS" starttime="20230613 10:00:07.468" endtime="20230613 10:00:07.469"/>
</kw>
<kw name="Append To List" library="Collections">
<arg>${user_ids}</arg>
<arg>${user_id}</arg>
<doc>Adds ``values`` to the end of ``list``.</doc>
<status status="PASS" starttime="20230613 10:00:07.469" endtime="20230613 10:00:07.469"/>
</kw>
<status status="PASS" starttime="20230613 10:00:07.468" endtime="20230613 10:00:07.469"/>
</iter>
<iter>
<var name="${user}">{'id': '6487d41a7b62eeefa5a2908d', 'createdAt': '2023-06-13T02:27:38.592Z', 'updatedAt': '0001-01-01T00:00:00Z', 'deletedAt': '0001-01-01T00:00:00Z', 'name': 'name+ad1a6299-7f6c-4de4-a741-2e6ccf0eba4a...</var>
<kw name="Set Variable" library="BuiltIn">
<var>${user_id}</var>
<arg>${user['id']}</arg>
<doc>Returns the given values which can then be assigned to a variables.</doc>
<msg timestamp="20230613 10:00:07.469" level="INFO">${user_id} = 6487d41a7b62eeefa5a2908d</msg>
<status status="PASS" starttime="20230613 10:00:07.469" endtime="20230613 10:00:07.469"/>
</kw>
<kw name="Append To List" library="Collections">
<arg>${user_ids}</arg>
<arg>${user_id}</arg>
<doc>Adds ``values`` to the end of ``list``.</doc>
<status status="PASS" starttime="20230613 10:00:07.469" endtime="20230613 10:00:07.470"/>
</kw>
<status status="PASS" starttime="20230613 10:00:07.469" endtime="20230613 10:00:07.470"/>
</iter>
<iter>
<var name="${user}">{'id': '6487d4197b62eeefa5a2908c', 'createdAt': '2023-06-13T02:27:37.84Z', 'updatedAt': '0001-01-01T00:00:00Z', 'deletedAt': '0001-01-01T00:00:00Z', 'name': 'name+97fdaedb-29a6-4d07-b34e-5b5246c63e50'...</var>
<kw name="Set Variable" library="BuiltIn">
<var>${user_id}</var>
<arg>${user['id']}</arg>
<doc>Returns the given values which can then be assigned to a variables.</doc>
<msg timestamp="20230613 10:00:07.470" level="INFO">${user_id} = 6487d4197b62eeefa5a2908c</msg>
<status status="PASS" starttime="20230613 10:00:07.470" endtime="20230613 10:00:07.470"/>
</kw>
<kw name="Append To List" library="Collections">
<arg>${user_ids}</arg>
<arg>${user_id}</arg>
<doc>Adds ``values`` to the end of ``list``.</doc>
<status status="PASS" starttime="20230613 10:00:07.470" endtime="20230613 10:00:07.471"/>
</kw>
<status status="PASS" starttime="20230613 10:00:07.470" endtime="20230613 10:00:07.471"/>
</iter>
<iter>
<var name="${user}">{'id': '6487d4117b62eeefa5a29077', 'createdAt': '2023-06-13T02:27:29.139Z', 'updatedAt': '0001-01-01T00:00:00Z', 'deletedAt': '0001-01-01T00:00:00Z', 'name': 'name+dfa479f0-11ab-4913-859e-67435a00afea...</var>
<kw name="Set Variable" library="BuiltIn">
<var>${user_id}</var>
<arg>${user['id']}</arg>
<doc>Returns the given values which can then be assigned to a variables.</doc>
<msg timestamp="20230613 10:00:07.471" level="INFO">${user_id} = 6487d4117b62eeefa5a29077</msg>
<status status="PASS" starttime="20230613 10:00:07.471" endtime="20230613 10:00:07.471"/>
</kw>
<kw name="Append To List" library="Collections">
<arg>${user_ids}</arg>
<arg>${user_id}</arg>
<doc>Adds ``values`` to the end of ``list``.</doc>
<status status="PASS" starttime="20230613 10:00:07.471" endtime="20230613 10:00:07.471"/>
</kw>
<status status="PASS" starttime="20230613 10:00:07.471" endtime="20230613 10:00:07.471"/>
</iter>
<iter>
<var name="${user}">{'id': '6487d4107b62eeefa5a29076', 'createdAt': '2023-06-13T02:27:28.422Z', 'updatedAt': '0001-01-01T00:00:00Z', 'deletedAt': '0001-01-01T00:00:00Z', 'name': 'name+0a63a156-ea15-47f4-a7bb-cdd64aeec603...</var>
<kw name="Set Variable" library="BuiltIn">
<var>${user_id}</var>
<arg>${user['id']}</arg>
<doc>Returns the given values which can then be assigned to a variables.</doc>
<msg timestamp="20230613 10:00:07.472" level="INFO">${user_id} = 6487d4107b62eeefa5a29076</msg>
<status status="PASS" starttime="20230613 10:00:07.472" endtime="20230613 10:00:07.472"/>
</kw>
<kw name="Append To List" library="Collections">
<arg>${user_ids}</arg>
<arg>${user_id}</arg>
<doc>Adds ``values`` to the end of ``list``.</doc>
<status status="PASS" starttime="20230613 10:00:07.472" endtime="20230613 10:00:07.472"/>
</kw>
<status status="PASS" starttime="20230613 10:00:07.471" endtime="20230613 10:00:07.472"/>
</iter>
<iter>
<var name="${user}">{'id': '6486cf6f7b62eeefa5a29067', 'createdAt': '2023-06-12T07:55:27.489Z', 'updatedAt': '0001-01-01T00:00:00Z', 'deletedAt': '0001-01-01T00:00:00Z', 'name': 'name+883955a6-271f-4a1c-9d5a-e0b3e657cccc...</var>
<kw name="Set Variable" library="BuiltIn">
<var>${user_id}</var>
<arg>${user['id']}</arg>
<doc>Returns the given values which can then be assigned to a variables.</doc>
<msg timestamp="20230613 10:00:07.473" level="INFO">${user_id} = 6486cf6f7b62eeefa5a29067</msg>
<status status="PASS" starttime="20230613 10:00:07.472" endtime="20230613 10:00:07.473"/>
</kw>
<kw name="Append To List" library="Collections">
<arg>${user_ids}</arg>
<arg>${user_id}</arg>
<doc>Adds ``values`` to the end of ``list``.</doc>
<status status="PASS" starttime="20230613 10:00:07.473" endtime="20230613 10:00:07.473"/>
</kw>
<status status="PASS" starttime="20230613 10:00:07.472" endtime="20230613 10:00:07.473"/>
</iter>
<iter>
<var name="${user}">{'id': '6486cf6e7b62eeefa5a29066', 'createdAt': '2023-06-12T07:55:26.864Z', 'updatedAt': '0001-01-01T00:00:00Z', 'deletedAt': '0001-01-01T00:00:00Z', 'name': 'name+d16a8d4c-4921-49cf-890f-12eeb52cafd4...</var>
<kw name="Set Variable" library="BuiltIn">
<var>${user_id}</var>
<arg>${user['id']}</arg>
<doc>Returns the given values which can then be assigned to a variables.</doc>
<msg timestamp="20230613 10:00:07.474" level="INFO">${user_id} = 6486cf6e7b62eeefa5a29066</msg>
<status status="PASS" starttime="20230613 10:00:07.473" endtime="20230613 10:00:07.474"/>
</kw>
<kw name="Append To List" library="Collections">
<arg>${user_ids}</arg>
<arg>${user_id}</arg>
<doc>Adds ``values`` to the end of ``list``.</doc>
<status status="PASS" starttime="20230613 10:00:07.474" endtime="20230613 10:00:07.474"/>
</kw>
<status status="PASS" starttime="20230613 10:00:07.473" endtime="20230613 10:00:07.474"/>
</iter>
<status status="PASS" starttime="20230613 10:00:07.457" endtime="20230613 10:00:07.474"/>
</for>
<kw name="Evaluate" library="BuiltIn">
<var>${user_ids}</var>
<arg>json.dumps(${user_ids})</arg>
<doc>Evaluates the given expression in Python and returns the result.</doc>
<msg timestamp="20230613 10:00:07.474" level="INFO">${user_ids} = ["6487dbb65023ca476c503480", "6487dbb45023ca476c50346a", "6487dbb35023ca476c503469", "6487dbb15023ca476c503468", "6487dbaf5023ca476c503467", "6487dbae5023ca476c503466", "6487d4447b62eeefa5a290c1", "64...</msg>
<status status="PASS" starttime="20230613 10:00:07.474" endtime="20230613 10:00:07.474"/>
</kw>
<kw name="Post Conversation">
<var>${response}</var>
<arg>${token}</arg>
<arg>test conversation</arg>
<arg>${user_ids}</arg>
<kw name="Create Dictionary" library="BuiltIn">
<var>${headers}</var>
<arg>Authorization=Bearer ${token}</arg>
<doc>Creates and returns a dictionary based on the given ``items``.</doc>
<msg timestamp="20230613 10:00:07.475" level="INFO">${headers} = {'Authorization': 'Bearer eyJhbGciOiJIUzUxMiIsInR5cCI6IkpXVCJ9.eyJleHAiOjE2ODc0ODkyMDcsInN1YiI6InVzZXJuYW1lKzQyNjUyMjJlLWM4YmQtNGI4OC04MTkzLTIwNjJlOTM5MmFjMiIsInVzZXJJZCI6IjY0ODdkYmI2NTAyM2NhNDc2YzUwM...</msg>
<status status="PASS" starttime="20230613 10:00:07.475" endtime="20230613 10:00:07.475"/>
</kw>
<kw name="Set Variable" library="BuiltIn">
<var>${request}</var>
<arg>{"name":"${name}","members":${user_ids}}</arg>
<doc>Returns the given values which can then be assigned to a variables.</doc>
<msg timestamp="20230613 10:00:07.475" level="INFO">${request} = {"name":"test conversation","members":["6487dbb65023ca476c503480", "6487dbb45023ca476c50346a", "6487dbb35023ca476c503469", "6487dbb15023ca476c503468", "6487dbaf5023ca476c503467", "6487dbae5023ca476c50...</msg>
<status status="PASS" starttime="20230613 10:00:07.475" endtime="20230613 10:00:07.475"/>
</kw>
<kw name="POST On Session" library="RequestsLibrary">
<var>${response}</var>
<arg>Backend_API</arg>
<arg>/conversations</arg>
<arg>data=${request}</arg>
<arg>headers=${headers}</arg>
<doc>Sends a POST request on a previously created HTTP Session.</doc>
<msg timestamp="20230613 10:00:07.481" level="INFO">POST Request : url=http://localhost:9010/conversations 
 path_url=/conversations 
 headers={'User-Agent': 'python-requests/2.31.0', 'Accept-Encoding': 'gzip, deflate', 'Accept': '*/*', 'Connection': 'keep-alive', 'Authorization': 'Bearer eyJhbGciOiJIUzUxMiIsInR5cCI6IkpXVCJ9.eyJleHAiOjE2ODc0ODkyMDcsInN1YiI6InVzZXJuYW1lKzQyNjUyMjJlLWM4YmQtNGI4OC04MTkzLTIwNjJlOTM5MmFjMiIsInVzZXJJZCI6IjY0ODdkYmI2NTAyM2NhNDc2YzUwMzQ4MCJ9.nsND1unyltUkZTexviJ6J0YiS3T5UApAPGMOUuUPUhzIe3noZzgeCmygY43S2ZF5LgoGxGbtRtFE9ZgrG4TSeQ', 'Content-Length': '599'} 
 body={"name":"test conversation","members":["6487dbb65023ca476c503480", "6487dbb45023ca476c50346a", "6487dbb35023ca476c503469", "6487dbb15023ca476c503468", "6487dbaf5023ca476c503467", "6487dbae5023ca476c503466", "6487d4447b62eeefa5a290c1", "6487d4427b62eeefa5a290ae", "6487d4407b62eeefa5a290ad", "6487d43f7b62eeefa5a290ac", "6487d43d7b62eeefa5a290ab", "6487d43c7b62eeefa5a290aa", "6487d42a7b62eeefa5a2908f", "6487d4297b62eeefa5a2908e", "6487d41a7b62eeefa5a2908d", "6487d4197b62eeefa5a2908c", "6487d4117b62eeefa5a29077", "6487d4107b62eeefa5a29076", "6486cf6f7b62eeefa5a29067", "6486cf6e7b62eeefa5a29066"]} 
 </msg>
<msg timestamp="20230613 10:00:07.481" level="INFO">POST Response : url=http://localhost:9010/conversations 
 status=200, reason=OK 
 headers={'Access-Control-Allow-Credentials': 'true', 'Access-Control-Allow-Headers': 'Content-Type, Content-Length, Accept-Encoding, X-CSRF-Token, Authorization, accept, origin, Cache-Control, X-Requested-With', 'Access-Control-Allow-Methods': 'POST, OPTIONS, GET, PUT, DELETE, POST', 'Access-Control-Allow-Origin': '*', 'Content-Type': 'application/json; charset=utf-8', 'Date': 'Tue, 13 Jun 2023 03:00:07 GMT', 'Content-Length': '224'} 
 body={"id":"6487dbb75023ca476c503481","createdAt":"2023-06-13T03:00:07.489041108Z","updatedAt":"0001-01-01T00:00:00Z","deletedAt":"0001-01-01T00:00:00Z","name":"test conversation","lastMessageAt":"2023-06-13T03:00:07.489041161Z"} 
 </msg>
<msg timestamp="20230613 10:00:07.482" level="INFO">${response} = &lt;Response [200]&gt;</msg>
<status status="PASS" starttime="20230613 10:00:07.476" endtime="20230613 10:00:07.482"/>
</kw>
<msg timestamp="20230613 10:00:07.482" level="INFO">${response} = &lt;Response [200]&gt;</msg>
<status status="PASS" starttime="20230613 10:00:07.475" endtime="20230613 10:00:07.482"/>
</kw>
<kw name="Should Be Equal As Strings" library="BuiltIn">
<arg>${response.status_code}</arg>
<arg>200</arg>
<doc>Fails if objects are unequal after converting them to strings.</doc>
<msg timestamp="20230613 10:00:07.482" level="INFO">Argument types are:
&lt;class 'int'&gt;
&lt;class 'str'&gt;</msg>
<status status="PASS" starttime="20230613 10:00:07.482" endtime="20230613 10:00:07.482"/>
</kw>
<kw name="Set Variable" library="BuiltIn">
<var>${conversation_id}</var>
<arg>${response.json()["id"]}</arg>
<doc>Returns the given values which can then be assigned to a variables.</doc>
<msg timestamp="20230613 10:00:07.483" level="INFO">${conversation_id} = 6487dbb75023ca476c503481</msg>
<status status="PASS" starttime="20230613 10:00:07.483" endtime="20230613 10:00:07.483"/>
</kw>
<kw name="Create Message">
<var>${response}</var>
<arg>${token}</arg>
<arg>${conversation_id}</arg>
<arg>"test messages"</arg>
<kw name="Create Dictionary" library="BuiltIn">
<var>${headers}</var>
<arg>Authorization=Bearer ${token}</arg>
<doc>Creates and returns a dictionary based on the given ``items``.</doc>
<msg timestamp="20230613 10:00:07.484" level="INFO">${headers} = {'Authorization': 'Bearer eyJhbGciOiJIUzUxMiIsInR5cCI6IkpXVCJ9.eyJleHAiOjE2ODc0ODkyMDcsInN1YiI6InVzZXJuYW1lKzQyNjUyMjJlLWM4YmQtNGI4OC04MTkzLTIwNjJlOTM5MmFjMiIsInVzZXJJZCI6IjY0ODdkYmI2NTAyM2NhNDc2YzUwM...</msg>
<status status="PASS" starttime="20230613 10:00:07.484" endtime="20230613 10:00:07.484"/>
</kw>
<kw name="Set Variable" library="BuiltIn">
<var>${request}</var>
<arg>{"conversationId":"${conversation_id}","content":${content}}</arg>
<doc>Returns the given values which can then be assigned to a variables.</doc>
<msg timestamp="20230613 10:00:07.484" level="INFO">${request} = {"conversationId":"6487dbb75023ca476c503481","content":"test messages"}</msg>
<status status="PASS" starttime="20230613 10:00:07.484" endtime="20230613 10:00:07.484"/>
</kw>
<kw name="POST On Session" library="RequestsLibrary">
<var>${response}</var>
<arg>Backend_API</arg>
<arg>/messages</arg>
<arg>data=${request}</arg>
<arg>headers=${headers}</arg>
<doc>Sends a POST request on a previously created HTTP Session.</doc>
<msg timestamp="20230613 10:00:07.494" level="INFO">POST Request : url=http://localhost:9010/messages 
 path_url=/messages 
 headers={'User-Agent': 'python-requests/2.31.0', 'Accept-Encoding': 'gzip, deflate', 'Accept': '*/*', 'Connection': 'keep-alive', 'Authorization': 'Bearer eyJhbGciOiJIUzUxMiIsInR5cCI6IkpXVCJ9.eyJleHAiOjE2ODc0ODkyMDcsInN1YiI6InVzZXJuYW1lKzQyNjUyMjJlLWM4YmQtNGI4OC04MTkzLTIwNjJlOTM5MmFjMiIsInVzZXJJZCI6IjY0ODdkYmI2NTAyM2NhNDc2YzUwMzQ4MCJ9.nsND1unyltUkZTexviJ6J0YiS3T5UApAPGMOUuUPUhzIe3noZzgeCmygY43S2ZF5LgoGxGbtRtFE9ZgrG4TSeQ', 'Content-Length': '71'} 
 body={"conversationId":"6487dbb75023ca476c503481","content":"test messages"} 
 </msg>
<msg timestamp="20230613 10:00:07.495" level="INFO">POST Response : url=http://localhost:9010/messages 
 status=200, reason=OK 
 headers={'Access-Control-Allow-Credentials': 'true', 'Access-Control-Allow-Headers': 'Content-Type, Content-Length, Accept-Encoding, X-CSRF-Token, Authorization, accept, origin, Cache-Control, X-Requested-With', 'Access-Control-Allow-Methods': 'POST, OPTIONS, GET, PUT, DELETE, POST', 'Access-Control-Allow-Origin': '*', 'Content-Type': 'application/json; charset=utf-8', 'Date': 'Tue, 13 Jun 2023 03:00:07 GMT', 'Content-Length': '542'} 
 body={"id":"6487dbb75023ca476c503496","createdAt":"2023-06-13T03:00:07.498485477Z","updatedAt":"0001-01-01T00:00:00Z","deletedAt":"0001-01-01T00:00:00Z","content":"test messages","userId":"6487dbb65023ca476c503480","conversationId":"6487dbb75023ca476c503481","userDetail":{"id":"6487dbb65023ca476c503480","createdAt":"2023-06-13T03:00:06.581Z","updatedAt":"0001-01-01T00:00:00Z","deletedAt":"0001-01-01T00:00:00Z","name":"name+4265222e-c8bd-4b88-8193-2062e9392ac2","username":"username+4265222e-c8bd-4b88-8193-2062e9392ac2","age":0,"password":""}} 
 </msg>
<msg timestamp="20230613 10:00:07.495" level="INFO">${response} = &lt;Response [200]&gt;</msg>
<status status="PASS" starttime="20230613 10:00:07.484" endtime="20230613 10:00:07.495"/>
</kw>
<msg timestamp="20230613 10:00:07.495" level="INFO">${response} = &lt;Response [200]&gt;</msg>
<status status="PASS" starttime="20230613 10:00:07.483" endtime="20230613 10:00:07.495"/>
</kw>
<kw name="Should Be Equal As Strings" library="BuiltIn">
<arg>${response.status_code}</arg>
<arg>200</arg>
<doc>Fails if objects are unequal after converting them to strings.</doc>
<msg timestamp="20230613 10:00:07.495" level="INFO">Argument types are:
&lt;class 'int'&gt;
&lt;class 'str'&gt;</msg>
<status status="PASS" starttime="20230613 10:00:07.495" endtime="20230613 10:00:07.496"/>
</kw>
<doc>Test get conversations success</doc>
<status status="PASS" starttime="20230613 10:00:05.701" endtime="20230613 10:00:07.496"/>
</test>
<status status="PASS" starttime="20230613 09:59:57.353" endtime="20230613 10:00:07.496"/>
</suite>
<statistics>
<total>
<stat pass="6" fail="0" skip="0">All Tests</stat>
</total>
<tag>
</tag>
<suite>
<stat pass="6" fail="0" skip="0" id="s1" name="e2e Main">e2e Main</stat>
</suite>
</statistics>
<errors>
</errors>
</robot>
